<?xml version="1.0" encoding="UTF-8"?>
<coverage generated="1767886696549" clover="3.2.0">
  <project timestamp="1767886696549" name="All files">
    <metrics statements="760" coveredstatements="477" conditionals="443" coveredconditionals="261" methods="114" coveredmethods="48" elements="1317" coveredelements="786" complexity="0" loc="760" ncloc="760" packages="6" files="16" classes="16"/>
    <package name="src">
      <metrics statements="20" coveredstatements="0" conditionals="0" coveredconditionals="0" methods="17" coveredmethods="0"/>
      <file name="index.ts" path="/Users/personal/git/bsv-wallet-helper/src/index.ts">
        <metrics statements="20" coveredstatements="0" conditionals="0" coveredconditionals="0" methods="17" coveredmethods="0"/>
        <line num="2" count="0" type="stmt"/>
        <line num="3" count="0" type="stmt"/>
        <line num="4" count="0" type="stmt"/>
        <line num="18" count="0" type="stmt"/>
        <line num="19" count="0" type="stmt"/>
        <line num="20" count="0" type="stmt"/>
        <line num="21" count="0" type="stmt"/>
        <line num="47" count="0" type="stmt"/>
        <line num="48" count="0" type="stmt"/>
        <line num="49" count="0" type="stmt"/>
        <line num="50" count="0" type="stmt"/>
        <line num="51" count="0" type="stmt"/>
        <line num="53" count="0" type="stmt"/>
        <line num="54" count="0" type="stmt"/>
        <line num="55" count="0" type="stmt"/>
        <line num="56" count="0" type="stmt"/>
        <line num="58" count="0" type="stmt"/>
        <line num="59" count="0" type="stmt"/>
        <line num="60" count="0" type="stmt"/>
        <line num="61" count="0" type="stmt"/>
      </file>
    </package>
    <package name="src.script-templates">
      <metrics statements="124" coveredstatements="96" conditionals="101" coveredconditionals="68" methods="13" coveredmethods="11"/>
      <file name="index.ts" path="/Users/personal/git/bsv-wallet-helper/src/script-templates/index.ts">
        <metrics statements="2" coveredstatements="0" conditionals="0" coveredconditionals="0" methods="2" coveredmethods="0"/>
        <line num="1" count="0" type="stmt"/>
        <line num="2" count="0" type="stmt"/>
      </file>
      <file name="ordinal.ts" path="/Users/personal/git/bsv-wallet-helper/src/script-templates/ordinal.ts">
        <metrics statements="55" coveredstatements="44" conditionals="49" coveredconditionals="36" methods="5" coveredmethods="5"/>
        <line num="1" count="2" type="stmt"/>
        <line num="12" count="2" type="stmt"/>
        <line num="13" count="2" type="stmt"/>
        <line num="34" count="2" type="stmt"/>
        <line num="35" count="32" type="stmt"/>
        <line num="44" count="2" type="stmt"/>
        <line num="53" count="12" type="stmt"/>
        <line num="79" count="11" type="cond" truecount="2" falsecount="1"/>
        <line num="80" count="0" type="stmt"/>
        <line num="84" count="11" type="cond" truecount="1" falsecount="0"/>
        <line num="85" count="4" type="cond" truecount="2" falsecount="1"/>
        <line num="86" count="0" type="stmt"/>
        <line num="88" count="4" type="cond" truecount="2" falsecount="1"/>
        <line num="89" count="0" type="stmt"/>
        <line num="91" count="4" type="cond" truecount="2" falsecount="1"/>
        <line num="92" count="0" type="stmt"/>
        <line num="97" count="11" type="cond" truecount="1" falsecount="0"/>
        <line num="98" count="4" type="cond" truecount="2" falsecount="1"/>
        <line num="99" count="0" type="stmt"/>
        <line num="101" count="4" type="cond" truecount="2" falsecount="1"/>
        <line num="102" count="0" type="stmt"/>
        <line num="104" count="4" type="cond" truecount="3" falsecount="0"/>
        <line num="105" count="1" type="stmt"/>
        <line num="112" count="10" type="cond" truecount="1" falsecount="1"/>
        <line num="113" count="0" type="stmt"/>
        <line num="114" count="10" type="cond" truecount="2" falsecount="0"/>
        <line num="115" count="7" type="stmt"/>
        <line num="116" count="3" type="cond" truecount="1" falsecount="1"/>
        <line num="117" count="3" type="stmt"/>
        <line num="119" count="0" type="stmt"/>
        <line num="123" count="10" type="stmt"/>
        <line num="143" count="2" type="stmt"/>
        <line num="156" count="2" type="stmt"/>
        <line num="162" count="10" type="stmt"/>
        <line num="165" count="10" type="cond" truecount="3" falsecount="0"/>
        <line num="166" count="4" type="stmt"/>
        <line num="167" count="4" type="stmt"/>
        <line num="168" count="4" type="stmt"/>
        <line num="169" count="4" type="cond" truecount="0" falsecount="1"/>
        <line num="170" count="0" type="stmt"/>
        <line num="172" count="4" type="stmt"/>
        <line num="173" count="4" type="cond" truecount="0" falsecount="1"/>
        <line num="174" count="0" type="stmt"/>
        <line num="176" count="4" type="stmt"/>
        <line num="180" count="10" type="cond" truecount="3" falsecount="1"/>
        <line num="183" count="10" type="cond" truecount="3" falsecount="1"/>
        <line num="184" count="0" type="stmt"/>
        <line num="187" count="10" type="cond" truecount="3" falsecount="0"/>
        <line num="188" count="3" type="stmt"/>
        <line num="189" count="3" type="stmt"/>
        <line num="190" count="3" type="cond" truecount="1" falsecount="1"/>
        <line num="192" count="3" type="stmt"/>
        <line num="193" count="9" type="cond" truecount="1" falsecount="0"/>
        <line num="194" count="9" type="stmt"/>
        <line num="201" count="10" type="stmt"/>
      </file>
      <file name="p2pkh.ts" path="/Users/personal/git/bsv-wallet-helper/src/script-templates/p2pkh.ts">
        <metrics statements="67" coveredstatements="52" conditionals="52" coveredconditionals="32" methods="6" coveredmethods="6"/>
        <line num="1" count="3" type="stmt"/>
        <line num="16" count="3" type="stmt"/>
        <line num="30" count="6" type="cond" truecount="2" falsecount="1"/>
        <line num="31" count="0" type="stmt"/>
        <line num="33" count="6" type="cond" truecount="0" falsecount="1"/>
        <line num="34" count="0" type="stmt"/>
        <line num="36" count="6" type="cond" truecount="2" falsecount="1"/>
        <line num="37" count="0" type="stmt"/>
        <line num="39" count="6" type="cond" truecount="2" falsecount="1"/>
        <line num="40" count="0" type="stmt"/>
        <line num="42" count="6" type="cond" truecount="2" falsecount="1"/>
        <line num="43" count="0" type="stmt"/>
        <line num="45" count="6" type="cond" truecount="0" falsecount="1"/>
        <line num="46" count="0" type="stmt"/>
        <line num="49" count="6" type="cond" truecount="2" falsecount="1"/>
        <line num="50" count="0" type="stmt"/>
        <line num="60" count="3" type="stmt"/>
        <line num="69" count="45" type="stmt"/>
        <line num="95" count="42" type="cond" truecount="2" falsecount="1"/>
        <line num="96" count="0" type="stmt"/>
        <line num="102" count="42" type="cond" truecount="2" falsecount="0"/>
        <line num="104" count="2" type="stmt"/>
        <line num="105" count="40" type="cond" truecount="2" falsecount="0"/>
        <line num="107" count="33" type="stmt"/>
        <line num="108" count="33" type="stmt"/>
        <line num="109" count="7" type="cond" truecount="2" falsecount="0"/>
        <line num="111" count="6" type="stmt"/>
        <line num="113" count="6" type="cond" truecount="0" falsecount="1"/>
        <line num="114" count="0" type="stmt"/>
        <line num="116" count="6" type="cond" truecount="0" falsecount="1"/>
        <line num="117" count="6" type="stmt"/>
        <line num="122" count="6" type="stmt"/>
        <line num="123" count="6" type="stmt"/>
        <line num="125" count="1" type="stmt"/>
        <line num="129" count="41" type="cond" truecount="3" falsecount="0"/>
        <line num="130" count="1" type="stmt"/>
        <line num="134" count="40" type="stmt"/>
        <line num="166" count="7" type="cond" truecount="0" falsecount="1"/>
        <line num="167" count="0" type="stmt"/>
        <line num="171" count="7" type="cond" truecount="1" falsecount="1"/>
        <line num="172" count="7" type="cond" truecount="1" falsecount="1"/>
        <line num="173" count="7" type="cond" truecount="1" falsecount="1"/>
        <line num="174" count="7" type="cond" truecount="2" falsecount="0"/>
        <line num="175" count="7" type="cond" truecount="2" falsecount="0"/>
        <line num="176" count="7" type="stmt"/>
        <line num="177" count="7" type="stmt"/>
        <line num="180" count="7" type="cond" truecount="2" falsecount="1"/>
        <line num="181" count="0" type="stmt"/>
        <line num="183" count="7" type="cond" truecount="0" falsecount="1"/>
        <line num="184" count="0" type="stmt"/>
        <line num="186" count="7" type="cond" truecount="2" falsecount="1"/>
        <line num="187" count="0" type="stmt"/>
        <line num="189" count="7" type="cond" truecount="0" falsecount="1"/>
        <line num="190" count="0" type="stmt"/>
        <line num="192" count="7" type="cond" truecount="0" falsecount="1"/>
        <line num="193" count="0" type="stmt"/>
        <line num="196" count="7" type="stmt"/>
        <line num="198" count="7" type="stmt"/>
        <line num="201" count="5" type="stmt"/>
        <line num="204" count="5" type="stmt"/>
        <line num="212" count="5" type="stmt"/>
        <line num="219" count="5" type="stmt"/>
        <line num="220" count="5" type="stmt"/>
        <line num="227" count="5" type="stmt"/>
        <line num="228" count="5" type="stmt"/>
        <line num="231" count="5" type="stmt"/>
        <line num="239" count="7" type="stmt"/>
      </file>
    </package>
    <package name="src.script-templates.types">
      <metrics statements="1" coveredstatements="0" conditionals="0" coveredconditionals="0" methods="0" coveredmethods="0"/>
      <file name="index.ts" path="/Users/personal/git/bsv-wallet-helper/src/script-templates/types/index.ts">
        <metrics statements="1" coveredstatements="0" conditionals="0" coveredconditionals="0" methods="0" coveredmethods="0"/>
        <line num="1" count="0" type="stmt"/>
      </file>
    </package>
    <package name="src.transaction-builder">
      <metrics statements="324" coveredstatements="137" conditionals="183" coveredconditionals="84" methods="47" coveredmethods="15"/>
      <file name="index.ts" path="/Users/personal/git/bsv-wallet-helper/src/transaction-builder/index.ts">
        <metrics statements="1" coveredstatements="0" conditionals="0" coveredconditionals="0" methods="3" coveredmethods="0"/>
        <line num="1" count="0" type="stmt"/>
      </file>
      <file name="transaction.ts" path="/Users/personal/git/bsv-wallet-helper/src/transaction-builder/transaction.ts">
        <metrics statements="323" coveredstatements="137" conditionals="183" coveredconditionals="84" methods="44" coveredmethods="15"/>
        <line num="1" count="1" type="stmt"/>
        <line num="15" count="1" type="stmt"/>
        <line num="16" count="1" type="stmt"/>
        <line num="18" count="1" type="stmt"/>
        <line num="19" count="1" type="stmt"/>
        <line num="20" count="1" type="stmt"/>
        <line num="21" count="1" type="stmt"/>
        <line num="41" count="1" type="stmt"/>
        <line num="43" count="0" type="stmt"/>
        <line num="44" count="0" type="stmt"/>
        <line num="54" count="0" type="cond" truecount="0" falsecount="1"/>
        <line num="55" count="0" type="stmt"/>
        <line num="57" count="0" type="stmt"/>
        <line num="58" count="0" type="stmt"/>
        <line num="68" count="0" type="stmt"/>
        <line num="78" count="0" type="stmt"/>
        <line num="88" count="0" type="stmt"/>
        <line num="98" count="0" type="stmt"/>
        <line num="108" count="0" type="stmt"/>
        <line num="118" count="0" type="stmt"/>
        <line num="128" count="0" type="stmt"/>
        <line num="138" count="0" type="stmt"/>
        <line num="148" count="0" type="stmt"/>
        <line num="158" count="0" type="stmt"/>
        <line num="169" count="1" type="stmt"/>
        <line num="171" count="44" type="stmt"/>
        <line num="172" count="44" type="stmt"/>
        <line num="182" count="10" type="cond" truecount="3" falsecount="0"/>
        <line num="183" count="2" type="stmt"/>
        <line num="185" count="8" type="stmt"/>
        <line num="186" count="8" type="stmt"/>
        <line num="196" count="0" type="cond" truecount="0" falsecount="3"/>
        <line num="197" count="0" type="stmt"/>
        <line num="199" count="0" type="stmt"/>
        <line num="200" count="0" type="stmt"/>
        <line num="210" count="0" type="cond" truecount="0" falsecount="3"/>
        <line num="211" count="0" type="stmt"/>
        <line num="213" count="0" type="stmt"/>
        <line num="214" count="0" type="stmt"/>
        <line num="224" count="9" type="stmt"/>
        <line num="234" count="2" type="stmt"/>
        <line num="244" count="0" type="stmt"/>
        <line num="254" count="0" type="stmt"/>
        <line num="264" count="0" type="stmt"/>
        <line num="274" count="0" type="stmt"/>
        <line num="284" count="1" type="stmt"/>
        <line num="294" count="0" type="cond" truecount="0" falsecount="1"/>
        <line num="295" count="0" type="stmt"/>
        <line num="297" count="0" type="stmt"/>
        <line num="298" count="0" type="stmt"/>
        <line num="308" count="3" type="stmt"/>
        <line num="318" count="12" type="stmt"/>
        <line num="328" count="0" type="stmt"/>
        <line num="340" count="1" type="stmt"/>
        <line num="343" count="58" type="stmt"/>
        <line num="344" count="58" type="stmt"/>
        <line num="345" count="58" type="stmt"/>
        <line num="354" count="58" type="cond" truecount="1" falsecount="0"/>
        <line num="355" count="1" type="stmt"/>
        <line num="357" count="57" type="stmt"/>
        <line num="358" count="57" type="stmt"/>
        <line num="368" count="2" type="cond" truecount="1" falsecount="0"/>
        <line num="369" count="1" type="stmt"/>
        <line num="371" count="1" type="stmt"/>
        <line num="372" count="1" type="stmt"/>
        <line num="382" count="27" type="cond" truecount="3" falsecount="0"/>
        <line num="383" count="1" type="stmt"/>
        <line num="387" count="26" type="cond" truecount="3" falsecount="0"/>
        <line num="388" count="1" type="stmt"/>
        <line num="390" count="25" type="cond" truecount="3" falsecount="0"/>
        <line num="391" count="1" type="stmt"/>
        <line num="393" count="24" type="cond" truecount="3" falsecount="0"/>
        <line num="394" count="1" type="stmt"/>
        <line num="396" count="23" type="cond" truecount="3" falsecount="0"/>
        <line num="397" count="1" type="stmt"/>
        <line num="399" count="22" type="cond" truecount="3" falsecount="0"/>
        <line num="400" count="1" type="stmt"/>
        <line num="404" count="21" type="cond" truecount="1" falsecount="0"/>
        <line num="405" count="4" type="stmt"/>
        <line num="406" count="4" type="cond" truecount="3" falsecount="0"/>
        <line num="407" count="2" type="stmt"/>
        <line num="412" count="19" type="cond" truecount="1" falsecount="0"/>
        <line num="413" count="3" type="cond" truecount="1" falsecount="0"/>
        <line num="414" count="1" type="stmt"/>
        <line num="416" count="2" type="stmt"/>
        <line num="417" count="3" type="cond" truecount="1" falsecount="0"/>
        <line num="418" count="1" type="stmt"/>
        <line num="423" count="17" type="cond" truecount="1" falsecount="0"/>
        <line num="424" count="3" type="cond" truecount="1" falsecount="0"/>
        <line num="425" count="1" type="stmt"/>
        <line num="427" count="2" type="stmt"/>
        <line num="428" count="3" type="cond" truecount="1" falsecount="0"/>
        <line num="429" count="1" type="stmt"/>
        <line num="434" count="15" type="cond" truecount="1" falsecount="0"/>
        <line num="435" count="3" type="cond" truecount="1" falsecount="0"/>
        <line num="436" count="1" type="stmt"/>
        <line num="438" count="2" type="stmt"/>
        <line num="439" count="2" type="cond" truecount="1" falsecount="0"/>
        <line num="440" count="1" type="stmt"/>
        <line num="445" count="13" type="stmt"/>
        <line num="446" count="13" type="stmt"/>
        <line num="465" count="0" type="cond" truecount="0" falsecount="3"/>
        <line num="466" count="0" type="stmt"/>
        <line num="468" count="0" type="cond" truecount="0" falsecount="1"/>
        <line num="469" count="0" type="stmt"/>
        <line num="471" count="0" type="cond" truecount="0" falsecount="3"/>
        <line num="472" count="0" type="stmt"/>
        <line num="474" count="0" type="cond" truecount="0" falsecount="3"/>
        <line num="475" count="0" type="stmt"/>
        <line num="478" count="0" type="stmt"/>
        <line num="490" count="0" type="stmt"/>
        <line num="491" count="0" type="stmt"/>
        <line num="510" count="0" type="cond" truecount="0" falsecount="3"/>
        <line num="511" count="0" type="stmt"/>
        <line num="513" count="0" type="cond" truecount="0" falsecount="1"/>
        <line num="514" count="0" type="stmt"/>
        <line num="516" count="0" type="cond" truecount="0" falsecount="3"/>
        <line num="517" count="0" type="stmt"/>
        <line num="519" count="0" type="cond" truecount="0" falsecount="3"/>
        <line num="520" count="0" type="stmt"/>
        <line num="523" count="0" type="stmt"/>
        <line num="535" count="0" type="stmt"/>
        <line num="536" count="0" type="stmt"/>
        <line num="553" count="0" type="cond" truecount="0" falsecount="1"/>
        <line num="554" count="0" type="stmt"/>
        <line num="556" count="0" type="cond" truecount="0" falsecount="1"/>
        <line num="557" count="0" type="stmt"/>
        <line num="559" count="0" type="cond" truecount="0" falsecount="3"/>
        <line num="560" count="0" type="stmt"/>
        <line num="562" count="0" type="cond" truecount="0" falsecount="1"/>
        <line num="563" count="0" type="stmt"/>
        <line num="565" count="0" type="cond" truecount="0" falsecount="3"/>
        <line num="566" count="0" type="stmt"/>
        <line num="568" count="0" type="cond" truecount="0" falsecount="3"/>
        <line num="569" count="0" type="stmt"/>
        <line num="572" count="0" type="stmt"/>
        <line num="582" count="0" type="stmt"/>
        <line num="583" count="0" type="stmt"/>
        <line num="594" count="35" type="cond" truecount="3" falsecount="0"/>
        <line num="595" count="1" type="stmt"/>
        <line num="597" count="34" type="cond" truecount="3" falsecount="0"/>
        <line num="598" count="1" type="stmt"/>
        <line num="603" count="33" type="cond" truecount="2" falsecount="0"/>
        <line num="604" count="30" type="stmt"/>
        <line num="605" count="3" type="cond" truecount="1" falsecount="0"/>
        <line num="606" count="2" type="stmt"/>
        <line num="610" count="33" type="stmt"/>
        <line num="617" count="33" type="stmt"/>
        <line num="618" count="33" type="stmt"/>
        <line num="629" count="10" type="cond" truecount="3" falsecount="0"/>
        <line num="630" count="1" type="stmt"/>
        <line num="635" count="9" type="cond" truecount="4" falsecount="0"/>
        <line num="636" count="7" type="stmt"/>
        <line num="637" count="2" type="cond" truecount="3" falsecount="0"/>
        <line num="638" count="1" type="stmt"/>
        <line num="642" count="9" type="stmt"/>
        <line num="648" count="9" type="stmt"/>
        <line num="649" count="9" type="stmt"/>
        <line num="660" count="0" type="cond" truecount="0" falsecount="3"/>
        <line num="661" count="0" type="stmt"/>
        <line num="663" count="0" type="cond" truecount="0" falsecount="3"/>
        <line num="664" count="0" type="stmt"/>
        <line num="669" count="0" type="cond" truecount="0" falsecount="2"/>
        <line num="670" count="0" type="stmt"/>
        <line num="671" count="0" type="cond" truecount="0" falsecount="1"/>
        <line num="672" count="0" type="stmt"/>
        <line num="676" count="0" type="stmt"/>
        <line num="685" count="0" type="stmt"/>
        <line num="686" count="0" type="stmt"/>
        <line num="700" count="3" type="cond" truecount="3" falsecount="0"/>
        <line num="701" count="1" type="stmt"/>
        <line num="703" count="2" type="cond" truecount="2" falsecount="1"/>
        <line num="704" count="0" type="stmt"/>
        <line num="706" count="2" type="cond" truecount="2" falsecount="1"/>
        <line num="707" count="0" type="stmt"/>
        <line num="710" count="2" type="stmt"/>
        <line num="717" count="2" type="stmt"/>
        <line num="718" count="2" type="stmt"/>
        <line num="734" count="16" type="cond" truecount="1" falsecount="0"/>
        <line num="735" count="1" type="stmt"/>
        <line num="739" count="19" type="stmt"/>
        <line num="740" count="15" type="cond" truecount="3" falsecount="0"/>
        <line num="741" count="1" type="stmt"/>
        <line num="745" count="14" type="stmt"/>
        <line num="748" count="14" type="stmt"/>
        <line num="751" count="14" type="stmt"/>
        <line num="754" count="14" type="stmt"/>
        <line num="757" count="14" type="stmt"/>
        <line num="758" count="0" type="stmt"/>
        <line num="763" count="0" type="cond" truecount="0" falsecount="4"/>
        <line num="767" count="0" type="stmt"/>
        <line num="770" count="0" type="stmt"/>
        <line num="773" count="0" type="stmt"/>
        <line num="780" count="0" type="stmt"/>
        <line num="784" count="0" type="stmt"/>
        <line num="785" count="0" type="stmt"/>
        <line num="788" count="0" type="stmt"/>
        <line num="793" count="0" type="stmt"/>
        <line num="796" count="0" type="stmt"/>
        <line num="799" count="0" type="stmt"/>
        <line num="800" count="0" type="stmt"/>
        <line num="807" count="0" type="stmt"/>
        <line num="813" count="0" type="stmt"/>
        <line num="814" count="0" type="stmt"/>
        <line num="818" count="14" type="stmt"/>
        <line num="821" count="14" type="stmt"/>
        <line num="824" count="14" type="stmt"/>
        <line num="825" count="18" type="stmt"/>
        <line num="829" count="18" type="cond" truecount="1" falsecount="4"/>
        <line num="831" count="18" type="stmt"/>
        <line num="832" count="18" type="stmt"/>
        <line num="835" count="18" type="cond" truecount="0" falsecount="1"/>
        <line num="836" count="0" type="stmt"/>
        <line num="837" count="0" type="stmt"/>
        <line num="844" count="0" type="stmt"/>
        <line num="845" count="0" type="stmt"/>
        <line num="853" count="18" type="cond" truecount="2" falsecount="0"/>
        <line num="855" count="1" type="stmt"/>
        <line num="858" count="17" type="stmt"/>
        <line num="860" count="18" type="stmt"/>
        <line num="863" count="0" type="stmt"/>
        <line num="864" count="0" type="stmt"/>
        <line num="867" count="0" type="cond" truecount="0" falsecount="1"/>
        <line num="868" count="0" type="stmt"/>
        <line num="869" count="0" type="stmt"/>
        <line num="876" count="0" type="stmt"/>
        <line num="877" count="0" type="stmt"/>
        <line num="885" count="0" type="cond" truecount="0" falsecount="2"/>
        <line num="887" count="0" type="stmt"/>
        <line num="894" count="0" type="stmt"/>
        <line num="900" count="0" type="stmt"/>
        <line num="904" count="0" type="stmt"/>
        <line num="905" count="0" type="stmt"/>
        <line num="909" count="0" type="stmt"/>
        <line num="910" count="0" type="stmt"/>
        <line num="913" count="0" type="cond" truecount="0" falsecount="1"/>
        <line num="914" count="0" type="stmt"/>
        <line num="915" count="0" type="stmt"/>
        <line num="922" count="0" type="stmt"/>
        <line num="923" count="0" type="stmt"/>
        <line num="931" count="0" type="cond" truecount="0" falsecount="2"/>
        <line num="933" count="0" type="stmt"/>
        <line num="936" count="0" type="stmt"/>
        <line num="938" count="0" type="stmt"/>
        <line num="941" count="0" type="stmt"/>
        <line num="946" count="18" type="cond" truecount="3" falsecount="0"/>
        <line num="947" count="4" type="stmt"/>
        <line num="951" count="18" type="stmt"/>
        <line num="954" count="18" type="cond" truecount="1" falsecount="1"/>
        <line num="956" count="0" type="stmt"/>
        <line num="961" count="0" type="cond" truecount="0" falsecount="2"/>
        <line num="963" count="0" type="stmt"/>
        <line num="966" count="0" type="stmt"/>
        <line num="968" count="18" type="cond" truecount="0" falsecount="1"/>
        <line num="970" count="0" type="stmt"/>
        <line num="974" count="18" type="cond" truecount="1" falsecount="1"/>
        <line num="976" count="0" type="stmt"/>
        <line num="981" count="0" type="stmt"/>
        <line num="984" count="0" type="stmt"/>
        <line num="990" count="0" type="cond" truecount="0" falsecount="1"/>
        <line num="991" count="0" type="stmt"/>
        <line num="994" count="0" type="cond" truecount="0" falsecount="1"/>
        <line num="995" count="0" type="stmt"/>
        <line num="997" count="0" type="stmt"/>
        <line num="1000" count="18" type="stmt"/>
        <line num="1006" count="18" type="cond" truecount="0" falsecount="1"/>
        <line num="1007" count="0" type="stmt"/>
        <line num="1010" count="18" type="cond" truecount="0" falsecount="1"/>
        <line num="1011" count="0" type="stmt"/>
        <line num="1015" count="18" type="stmt"/>
        <line num="1020" count="18" type="stmt"/>
        <line num="1021" count="18" type="stmt"/>
        <line num="1026" count="14" type="stmt"/>
        <line num="1033" count="14" type="cond" truecount="0" falsecount="1"/>
        <line num="1035" count="0" type="stmt"/>
        <line num="1036" count="0" type="stmt"/>
        <line num="1037" count="0" type="stmt"/>
        <line num="1039" count="0" type="stmt"/>
        <line num="1040" count="0" type="cond" truecount="0" falsecount="2"/>
        <line num="1042" count="0" type="stmt"/>
        <line num="1048" count="0" type="stmt"/>
        <line num="1056" count="0" type="stmt"/>
        <line num="1057" count="0" type="stmt"/>
        <line num="1060" count="0" type="stmt"/>
        <line num="1061" count="0" type="stmt"/>
        <line num="1063" count="0" type="cond" truecount="0" falsecount="1"/>
        <line num="1065" count="0" type="stmt"/>
        <line num="1067" count="0" type="cond" truecount="0" falsecount="1"/>
        <line num="1068" count="0" type="stmt"/>
        <line num="1072" count="0" type="cond" truecount="0" falsecount="1"/>
        <line num="1073" count="0" type="stmt"/>
        <line num="1077" count="0" type="stmt"/>
        <line num="1083" count="0" type="cond" truecount="0" falsecount="2"/>
        <line num="1084" count="0" type="stmt"/>
        <line num="1087" count="0" type="stmt"/>
        <line num="1088" count="0" type="stmt"/>
        <line num="1089" count="0" type="stmt"/>
        <line num="1090" count="0" type="stmt"/>
        <line num="1092" count="0" type="stmt"/>
        <line num="1097" count="14" type="stmt"/>
        <line num="1106" count="14" type="cond" truecount="1" falsecount="0"/>
        <line num="1107" count="4" type="stmt"/>
        <line num="1111" count="10" type="stmt"/>
        <line num="1114" count="10" type="cond" truecount="1" falsecount="0"/>
        <line num="1115" count="10" type="stmt"/>
        <line num="1122" count="0" type="cond" truecount="0" falsecount="1"/>
        <line num="1123" count="0" type="stmt"/>
        <line num="1126" count="0" type="stmt"/>
        <line num="1127" count="0" type="stmt"/>
        <line num="1131" count="0" type="stmt"/>
        <line num="1132" count="0" type="stmt"/>
        <line num="1133" count="0" type="stmt"/>
        <line num="1134" count="0" type="stmt"/>
        <line num="1138" count="0" type="stmt"/>
        <line num="1141" count="0" type="stmt"/>
        <line num="1142" count="0" type="stmt"/>
        <line num="1143" count="0" type="stmt"/>
        <line num="1144" count="0" type="cond" truecount="0" falsecount="1"/>
        <line num="1145" count="0" type="stmt"/>
        <line num="1147" count="0" type="stmt"/>
        <line num="1151" count="0" type="stmt"/>
        <line num="1156" count="0" type="stmt"/>
        <line num="1169" count="0" type="stmt"/>
      </file>
    </package>
    <package name="src.transaction-builder.types">
      <metrics statements="4" coveredstatements="4" conditionals="3" coveredconditionals="3" methods="2" coveredmethods="2"/>
      <file name="index.ts" path="/Users/personal/git/bsv-wallet-helper/src/transaction-builder/types/index.ts">
        <metrics statements="2" coveredstatements="2" conditionals="0" coveredconditionals="0" methods="1" coveredmethods="1"/>
        <line num="4" count="19" type="stmt"/>
        <line num="5" count="1" type="stmt"/>
      </file>
      <file name="type-guards.ts" path="/Users/personal/git/bsv-wallet-helper/src/transaction-builder/types/type-guards.ts">
        <metrics statements="2" coveredstatements="2" conditionals="3" coveredconditionals="3" methods="1" coveredmethods="1"/>
        <line num="6" count="1" type="stmt"/>
        <line num="9" count="18" type="cond" truecount="3" falsecount="0"/>
      </file>
    </package>
    <package name="src.utils">
      <metrics statements="287" coveredstatements="240" conditionals="156" coveredconditionals="106" methods="35" coveredmethods="20"/>
      <file name="constants.ts" path="/Users/personal/git/bsv-wallet-helper/src/utils/constants.ts">
        <metrics statements="2" coveredstatements="2" conditionals="0" coveredconditionals="0" methods="0" coveredmethods="0"/>
        <line num="1" count="3" type="stmt"/>
        <line num="2" count="3" type="stmt"/>
      </file>
      <file name="createPreimage.ts" path="/Users/personal/git/bsv-wallet-helper/src/utils/createPreimage.ts">
        <metrics statements="30" coveredstatements="22" conditionals="30" coveredconditionals="16" methods="2" coveredmethods="2"/>
        <line num="1" count="3" type="stmt"/>
        <line num="7" count="3" type="stmt"/>
        <line num="16" count="5" type="cond" truecount="0" falsecount="1"/>
        <line num="17" count="0" type="stmt"/>
        <line num="19" count="5" type="cond" truecount="2" falsecount="1"/>
        <line num="20" count="0" type="stmt"/>
        <line num="22" count="5" type="cond" truecount="2" falsecount="1"/>
        <line num="23" count="0" type="stmt"/>
        <line num="25" count="5" type="cond" truecount="0" falsecount="1"/>
        <line num="26" count="0" type="stmt"/>
        <line num="30" count="5" type="stmt"/>
        <line num="31" count="5" type="cond" truecount="1" falsecount="0"/>
        <line num="32" count="5" type="cond" truecount="0" falsecount="1"/>
        <line num="33" count="5" type="cond" truecount="1" falsecount="0"/>
        <line num="34" count="1" type="stmt"/>
        <line num="36" count="1" type="cond" truecount="2" falsecount="1"/>
        <line num="37" count="0" type="cond" truecount="0" falsecount="2"/>
        <line num="40" count="5" type="cond" truecount="0" falsecount="1"/>
        <line num="42" count="5" type="stmt"/>
        <line num="44" count="7" type="cond" truecount="1" falsecount="1"/>
        <line num="46" count="5" type="cond" truecount="2" falsecount="0"/>
        <line num="47" count="5" type="cond" truecount="0" falsecount="1"/>
        <line num="48" count="0" type="stmt"/>
        <line num="51" count="5" type="cond" truecount="2" falsecount="0"/>
        <line num="52" count="5" type="cond" truecount="0" falsecount="1"/>
        <line num="53" count="0" type="stmt"/>
        <line num="56" count="5" type="cond" truecount="2" falsecount="0"/>
        <line num="57" count="5" type="cond" truecount="0" falsecount="1"/>
        <line num="58" count="0" type="stmt"/>
        <line num="61" count="5" type="stmt"/>
      </file>
      <file name="derivation.ts" path="/Users/personal/git/bsv-wallet-helper/src/utils/derivation.ts">
        <metrics statements="6" coveredstatements="3" conditionals="0" coveredconditionals="0" methods="1" coveredmethods="0"/>
        <line num="1" count="1" type="stmt"/>
        <line num="2" count="1" type="stmt"/>
        <line num="4" count="1" type="stmt"/>
        <line num="5" count="0" type="stmt"/>
        <line num="6" count="0" type="stmt"/>
        <line num="7" count="0" type="stmt"/>
      </file>
      <file name="index.ts" path="/Users/personal/git/bsv-wallet-helper/src/utils/index.ts">
        <metrics statements="13" coveredstatements="13" conditionals="0" coveredconditionals="0" methods="12" coveredmethods="0"/>
        <line num="1" count="1" type="stmt"/>
        <line num="2" count="1" type="stmt"/>
        <line num="3" count="1" type="stmt"/>
        <line num="4" count="1" type="stmt"/>
        <line num="5" count="1" type="stmt"/>
        <line num="7" count="1" type="stmt"/>
        <line num="8" count="1" type="stmt"/>
        <line num="9" count="1" type="stmt"/>
        <line num="10" count="1" type="stmt"/>
        <line num="12" count="1" type="stmt"/>
        <line num="13" count="1" type="stmt"/>
        <line num="14" count="1" type="stmt"/>
        <line num="15" count="1" type="stmt"/>
      </file>
      <file name="mockWallet.ts" path="/Users/personal/git/bsv-wallet-helper/src/utils/mockWallet.ts">
        <metrics statements="28" coveredstatements="19" conditionals="7" coveredconditionals="1" methods="3" coveredmethods="1"/>
        <line num="6" count="3" type="stmt"/>
        <line num="12" count="3" type="stmt"/>
        <line num="23" count="3" type="stmt"/>
        <line num="29" count="58" type="cond" truecount="0" falsecount="1"/>
        <line num="30" count="0" type="stmt"/>
        <line num="32" count="58" type="cond" truecount="1" falsecount="2"/>
        <line num="33" count="0" type="stmt"/>
        <line num="35" count="58" type="cond" truecount="0" falsecount="1"/>
        <line num="36" count="0" type="stmt"/>
        <line num="38" count="58" type="cond" truecount="0" falsecount="1"/>
        <line num="39" count="0" type="stmt"/>
        <line num="42" count="58" type="stmt"/>
        <line num="44" count="58" type="stmt"/>
        <line num="45" count="58" type="stmt"/>
        <line num="46" count="58" type="stmt"/>
        <line num="47" count="58" type="stmt"/>
        <line num="48" count="58" type="stmt"/>
        <line num="49" count="58" type="stmt"/>
        <line num="52" count="58" type="stmt"/>
        <line num="53" count="58" type="stmt"/>
        <line num="56" count="58" type="stmt"/>
        <line num="59" count="0" type="cond" truecount="0" falsecount="1"/>
        <line num="60" count="0" type="stmt"/>
        <line num="62" count="0" type="stmt"/>
        <line num="69" count="3" type="stmt"/>
        <line num="70" count="0" type="stmt"/>
        <line num="77" count="3" type="stmt"/>
        <line num="78" count="0" type="stmt"/>
      </file>
      <file name="opreturn.ts" path="/Users/personal/git/bsv-wallet-helper/src/utils/opreturn.ts">
        <metrics statements="37" coveredstatements="37" conditionals="13" coveredconditionals="13" methods="3" coveredmethods="3"/>
        <line num="1" count="3" type="stmt"/>
        <line num="9" count="3" type="stmt"/>
        <line num="10" count="38" type="cond" truecount="1" falsecount="0"/>
        <line num="11" count="37" type="cond" truecount="1" falsecount="0"/>
        <line num="12" count="19" type="stmt"/>
        <line num="21" count="3" type="stmt"/>
        <line num="22" count="43" type="cond" truecount="1" falsecount="0"/>
        <line num="24" count="5" type="stmt"/>
        <line num="28" count="38" type="cond" truecount="1" falsecount="0"/>
        <line num="30" count="6" type="stmt"/>
        <line num="34" count="32" type="stmt"/>
        <line num="51" count="3" type="stmt"/>
        <line num="56" count="42" type="cond" truecount="3" falsecount="0"/>
        <line num="57" count="3" type="stmt"/>
        <line num="61" count="39" type="stmt"/>
        <line num="62" count="39" type="cond" truecount="1" falsecount="0"/>
        <line num="63" count="1" type="stmt"/>
        <line num="67" count="38" type="cond" truecount="1" falsecount="0"/>
        <line num="68" count="3" type="stmt"/>
        <line num="71" count="35" type="cond" truecount="1" falsecount="0"/>
        <line num="72" count="1" type="stmt"/>
        <line num="76" count="34" type="stmt"/>
        <line num="77" count="50" type="stmt"/>
        <line num="78" count="50" type="stmt"/>
        <line num="80" count="50" type="cond" truecount="1" falsecount="0"/>
        <line num="81" count="11" type="cond" truecount="1" falsecount="0"/>
        <line num="82" count="4" type="stmt"/>
        <line num="88" count="7" type="stmt"/>
        <line num="89" count="7" type="stmt"/>
        <line num="90" count="70" type="stmt"/>
        <line num="91" count="70" type="cond" truecount="1" falsecount="0"/>
        <line num="92" count="2" type="stmt"/>
        <line num="101" count="28" type="stmt"/>
        <line num="104" count="28" type="stmt"/>
        <line num="105" count="28" type="stmt"/>
        <line num="106" count="28" type="stmt"/>
        <line num="108" count="28" type="stmt"/>
      </file>
      <file name="scriptValidation.ts" path="/Users/personal/git/bsv-wallet-helper/src/utils/scriptValidation.ts">
        <metrics statements="171" coveredstatements="144" conditionals="106" coveredconditionals="76" methods="14" coveredmethods="14"/>
        <line num="1" count="2" type="stmt"/>
        <line num="2" count="2" type="stmt"/>
        <line num="7" count="2" type="stmt"/>
        <line num="32" count="126" type="cond" truecount="3" falsecount="0"/>
        <line num="33" count="10" type="stmt"/>
        <line num="36" count="116" type="stmt"/>
        <line num="39" count="116" type="cond" truecount="1" falsecount="0"/>
        <line num="40" count="4" type="stmt"/>
        <line num="44" count="112" type="cond" truecount="3" falsecount="0"/>
        <line num="45" count="4" type="stmt"/>
        <line num="49" count="108" type="cond" truecount="1" falsecount="0"/>
        <line num="50" count="58" type="stmt"/>
        <line num="51" count="58" type="cond" truecount="3" falsecount="0"/>
        <line num="52" count="2" type="stmt"/>
        <line num="57" count="106" type="cond" truecount="1" falsecount="0"/>
        <line num="58" count="50" type="stmt"/>
        <line num="59" count="50" type="cond" truecount="3" falsecount="0"/>
        <line num="60" count="1" type="stmt"/>
        <line num="62" count="49" type="cond" truecount="1" falsecount="0"/>
        <line num="63" count="1" type="stmt"/>
        <line num="75" count="30" type="stmt"/>
        <line num="109" count="2" type="stmt"/>
        <line num="110" count="25" type="stmt"/>
        <line num="112" count="17" type="stmt"/>
        <line num="113" count="17" type="cond" truecount="2" falsecount="0"/>
        <line num="114" count="17" type="stmt"/>
        <line num="117" count="17" type="stmt"/>
        <line num="119" count="17" type="cond" truecount="1" falsecount="0"/>
        <line num="120" count="13" type="stmt"/>
        <line num="124" count="4" type="cond" truecount="0" falsecount="1"/>
        <line num="125" count="0" type="stmt"/>
        <line num="129" count="4" type="stmt"/>
        <line num="130" count="4" type="cond" truecount="0" falsecount="1"/>
        <line num="131" count="0" type="stmt"/>
        <line num="135" count="4" type="cond" truecount="0" falsecount="1"/>
        <line num="136" count="0" type="stmt"/>
        <line num="139" count="4" type="stmt"/>
        <line num="141" count="0" type="stmt"/>
        <line num="182" count="2" type="stmt"/>
        <line num="183" count="19" type="stmt"/>
        <line num="185" count="16" type="stmt"/>
        <line num="186" count="16" type="cond" truecount="2" falsecount="0"/>
        <line num="189" count="16" type="cond" truecount="1" falsecount="0"/>
        <line num="190" count="10" type="stmt"/>
        <line num="195" count="6" type="stmt"/>
        <line num="196" count="6" type="stmt"/>
        <line num="198" count="6" type="stmt"/>
        <line num="200" count="0" type="stmt"/>
        <line num="241" count="2" type="stmt"/>
        <line num="242" count="37" type="stmt"/>
        <line num="244" count="34" type="stmt"/>
        <line num="245" count="34" type="cond" truecount="2" falsecount="0"/>
        <line num="246" count="34" type="stmt"/>
        <line num="250" count="34" type="stmt"/>
        <line num="252" count="0" type="stmt"/>
        <line num="288" count="2" type="stmt"/>
        <line num="289" count="26" type="stmt"/>
        <line num="291" count="22" type="stmt"/>
        <line num="292" count="22" type="cond" truecount="2" falsecount="0"/>
        <line num="297" count="8" type="stmt"/>
        <line num="298" count="8" type="stmt"/>
        <line num="299" count="8" type="stmt"/>
        <line num="300" count="8" type="cond" truecount="0" falsecount="1"/>
        <line num="301" count="0" type="stmt"/>
        <line num="310" count="8" type="cond" truecount="1" falsecount="0"/>
        <line num="311" count="1" type="stmt"/>
        <line num="317" count="7" type="stmt"/>
        <line num="323" count="19" type="stmt"/>
        <line num="326" count="14" type="stmt"/>
        <line num="329" count="0" type="stmt"/>
        <line num="370" count="2" type="stmt"/>
        <line num="371" count="5" type="stmt"/>
        <line num="373" count="4" type="stmt"/>
        <line num="377" count="4" type="cond" truecount="3" falsecount="0"/>
        <line num="378" count="1" type="stmt"/>
        <line num="382" count="3" type="cond" truecount="3" falsecount="0"/>
        <line num="383" count="1" type="stmt"/>
        <line num="388" count="2" type="cond" truecount="3" falsecount="0"/>
        <line num="391" count="1" type="cond" truecount="1" falsecount="1"/>
        <line num="394" count="1" type="cond" truecount="1" falsecount="0"/>
        <line num="395" count="1" type="stmt"/>
        <line num="400" count="1" type="stmt"/>
        <line num="402" count="0" type="stmt"/>
        <line num="447" count="2" type="stmt"/>
        <line num="448" count="6" type="stmt"/>
        <line num="451" count="5" type="cond" truecount="1" falsecount="1"/>
        <line num="452" count="5" type="stmt"/>
        <line num="455" count="5" type="cond" truecount="2" falsecount="1"/>
        <line num="456" count="1" type="stmt"/>
        <line num="482" count="31" type="stmt"/>
        <line num="483" count="4" type="cond" truecount="1" falsecount="0"/>
        <line num="484" count="1" type="stmt"/>
        <line num="490" count="3" type="cond" truecount="2" falsecount="0"/>
        <line num="492" count="1" type="stmt"/>
        <line num="493" count="1" type="cond" truecount="3" falsecount="1"/>
        <line num="494" count="0" type="stmt"/>
        <line num="497" count="1" type="stmt"/>
        <line num="498" count="1" type="stmt"/>
        <line num="500" count="0" type="cond" truecount="0" falsecount="2"/>
        <line num="501" count="0" type="stmt"/>
        <line num="505" count="1" type="stmt"/>
        <line num="506" count="1" type="cond" truecount="3" falsecount="1"/>
        <line num="507" count="0" type="stmt"/>
        <line num="509" count="1" type="stmt"/>
        <line num="510" count="2" type="cond" truecount="2" falsecount="0"/>
        <line num="512" count="1" type="stmt"/>
        <line num="513" count="1" type="cond" truecount="3" falsecount="1"/>
        <line num="514" count="0" type="stmt"/>
        <line num="516" count="1" type="stmt"/>
        <line num="517" count="1" type="stmt"/>
        <line num="519" count="1" type="stmt"/>
        <line num="522" count="2" type="stmt"/>
        <line num="569" count="2" type="stmt"/>
        <line num="570" count="4" type="stmt"/>
        <line num="573" count="3" type="cond" truecount="2" falsecount="1"/>
        <line num="574" count="1" type="stmt"/>
        <line num="577" count="2" type="cond" truecount="1" falsecount="1"/>
        <line num="578" count="2" type="stmt"/>
        <line num="581" count="12" type="stmt"/>
        <line num="582" count="2" type="cond" truecount="0" falsecount="1"/>
        <line num="583" count="0" type="stmt"/>
        <line num="587" count="2" type="stmt"/>
        <line num="588" count="2" type="cond" truecount="3" falsecount="1"/>
        <line num="589" count="0" type="stmt"/>
        <line num="593" count="2" type="stmt"/>
        <line num="594" count="2" type="stmt"/>
        <line num="596" count="0" type="cond" truecount="0" falsecount="2"/>
        <line num="597" count="0" type="stmt"/>
        <line num="600" count="2" type="cond" truecount="1" falsecount="0"/>
        <line num="601" count="1" type="stmt"/>
        <line num="605" count="1" type="stmt"/>
        <line num="606" count="1" type="cond" truecount="3" falsecount="1"/>
        <line num="607" count="0" type="stmt"/>
        <line num="611" count="1" type="stmt"/>
        <line num="612" count="1" type="stmt"/>
        <line num="614" count="0" type="cond" truecount="0" falsecount="2"/>
        <line num="615" count="0" type="stmt"/>
        <line num="618" count="1" type="cond" truecount="0" falsecount="1"/>
        <line num="619" count="0" type="stmt"/>
        <line num="623" count="1" type="stmt"/>
        <line num="624" count="1" type="stmt"/>
        <line num="626" count="1" type="stmt"/>
        <line num="627" count="2" type="stmt"/>
        <line num="628" count="2" type="stmt"/>
        <line num="630" count="2" type="cond" truecount="2" falsecount="1"/>
        <line num="631" count="0" type="stmt"/>
        <line num="634" count="2" type="stmt"/>
        <line num="635" count="2" type="stmt"/>
        <line num="636" count="2" type="stmt"/>
        <line num="637" count="2" type="stmt"/>
        <line num="639" count="0" type="cond" truecount="0" falsecount="2"/>
        <line num="640" count="0" type="stmt"/>
        <line num="643" count="2" type="stmt"/>
        <line num="647" count="1" type="cond" truecount="2" falsecount="1"/>
        <line num="648" count="0" type="stmt"/>
        <line num="651" count="1" type="stmt"/>
        <line num="693" count="2" type="stmt"/>
        <line num="694" count="4" type="stmt"/>
        <line num="696" count="3" type="cond" truecount="2" falsecount="1"/>
        <line num="697" count="1" type="stmt"/>
        <line num="700" count="2" type="cond" truecount="1" falsecount="1"/>
        <line num="701" count="2" type="stmt"/>
        <line num="704" count="12" type="stmt"/>
        <line num="705" count="2" type="cond" truecount="0" falsecount="1"/>
        <line num="706" count="0" type="stmt"/>
        <line num="710" count="2" type="stmt"/>
        <line num="711" count="2" type="stmt"/>
        <line num="712" count="3" type="stmt"/>
        <line num="713" count="3" type="cond" truecount="3" falsecount="0"/>
        <line num="715" count="3" type="stmt"/>
        <line num="719" count="2" type="cond" truecount="1" falsecount="1"/>
      </file>
    </package>
  </project>
</coverage>
