{"/Users/personal/git/bsv-wallet-helper/src/index.ts": {"path":"/Users/personal/git/bsv-wallet-helper/src/index.ts","statementMap":{"0":{"start":{"line":2,"column":0},"end":{"line":2,"column":null}},"1":{"start":{"line":3,"column":2},"end":{"line":3,"column":null}},"2":{"start":{"line":4,"column":2},"end":{"line":4,"column":null}},"3":{"start":{"line":18,"column":0},"end":{"line":18,"column":null}},"4":{"start":{"line":19,"column":2},"end":{"line":19,"column":null}},"5":{"start":{"line":20,"column":2},"end":{"line":20,"column":null}},"6":{"start":{"line":21,"column":2},"end":{"line":21,"column":null}},"7":{"start":{"line":47,"column":0},"end":{"line":47,"column":null}},"8":{"start":{"line":48,"column":2},"end":{"line":48,"column":null}},"9":{"start":{"line":49,"column":2},"end":{"line":49,"column":null}},"10":{"start":{"line":50,"column":2},"end":{"line":50,"column":null}},"11":{"start":{"line":51,"column":2},"end":{"line":51,"column":null}},"12":{"start":{"line":53,"column":2},"end":{"line":53,"column":null}},"13":{"start":{"line":54,"column":2},"end":{"line":54,"column":null}},"14":{"start":{"line":55,"column":2},"end":{"line":55,"column":null}},"15":{"start":{"line":56,"column":2},"end":{"line":56,"column":null}},"16":{"start":{"line":58,"column":2},"end":{"line":58,"column":null}},"17":{"start":{"line":59,"column":2},"end":{"line":59,"column":null}},"18":{"start":{"line":60,"column":2},"end":{"line":60,"column":null}},"19":{"start":{"line":61,"column":2},"end":{"line":61,"column":null}}},"fnMap":{"0":{"name":"(anonymous_0)","decl":{"start":{"line":3,"column":2},"end":{"line":3,"column":13}},"loc":{"start":{"line":3,"column":2},"end":{"line":3,"column":null}}},"1":{"name":"(anonymous_1)","decl":{"start":{"line":4,"column":2},"end":{"line":4,"column":16}},"loc":{"start":{"line":4,"column":2},"end":{"line":4,"column":null}}},"2":{"name":"(anonymous_2)","decl":{"start":{"line":19,"column":2},"end":{"line":19,"column":20}},"loc":{"start":{"line":19,"column":2},"end":{"line":19,"column":null}}},"3":{"name":"(anonymous_3)","decl":{"start":{"line":20,"column":2},"end":{"line":20,"column":15}},"loc":{"start":{"line":20,"column":2},"end":{"line":20,"column":null}}},"4":{"name":"(anonymous_4)","decl":{"start":{"line":21,"column":2},"end":{"line":21,"column":14}},"loc":{"start":{"line":21,"column":2},"end":{"line":21,"column":null}}},"5":{"name":"(anonymous_5)","decl":{"start":{"line":48,"column":2},"end":{"line":48,"column":12}},"loc":{"start":{"line":48,"column":2},"end":{"line":48,"column":null}}},"6":{"name":"(anonymous_6)","decl":{"start":{"line":49,"column":2},"end":{"line":49,"column":19}},"loc":{"start":{"line":49,"column":2},"end":{"line":49,"column":null}}},"7":{"name":"(anonymous_7)","decl":{"start":{"line":50,"column":2},"end":{"line":50,"column":17}},"loc":{"start":{"line":50,"column":2},"end":{"line":50,"column":null}}},"8":{"name":"(anonymous_8)","decl":{"start":{"line":51,"column":2},"end":{"line":51,"column":15}},"loc":{"start":{"line":51,"column":2},"end":{"line":51,"column":null}}},"9":{"name":"(anonymous_9)","decl":{"start":{"line":53,"column":2},"end":{"line":53,"column":9}},"loc":{"start":{"line":53,"column":2},"end":{"line":53,"column":null}}},"10":{"name":"(anonymous_10)","decl":{"start":{"line":54,"column":2},"end":{"line":54,"column":11}},"loc":{"start":{"line":54,"column":2},"end":{"line":54,"column":null}}},"11":{"name":"(anonymous_11)","decl":{"start":{"line":55,"column":2},"end":{"line":55,"column":8}},"loc":{"start":{"line":55,"column":2},"end":{"line":55,"column":null}}},"12":{"name":"(anonymous_12)","decl":{"start":{"line":56,"column":2},"end":{"line":56,"column":17}},"loc":{"start":{"line":56,"column":2},"end":{"line":56,"column":null}}},"13":{"name":"(anonymous_13)","decl":{"start":{"line":58,"column":2},"end":{"line":58,"column":15}},"loc":{"start":{"line":58,"column":2},"end":{"line":58,"column":null}}},"14":{"name":"(anonymous_14)","decl":{"start":{"line":59,"column":2},"end":{"line":59,"column":21}},"loc":{"start":{"line":59,"column":2},"end":{"line":59,"column":null}}},"15":{"name":"(anonymous_15)","decl":{"start":{"line":60,"column":2},"end":{"line":60,"column":20}},"loc":{"start":{"line":60,"column":2},"end":{"line":60,"column":null}}},"16":{"name":"(anonymous_16)","decl":{"start":{"line":61,"column":2},"end":{"line":61,"column":24}},"loc":{"start":{"line":61,"column":2},"end":{"line":61,"column":null}}}},"branchMap":{},"s":{"0":0,"1":0,"2":0,"3":0,"4":0,"5":0,"6":0,"7":0,"8":0,"9":0,"10":0,"11":0,"12":0,"13":0,"14":0,"15":0,"16":0,"17":0,"18":0,"19":0},"f":{"0":0,"1":0,"2":0,"3":0,"4":0,"5":0,"6":0,"7":0,"8":0,"9":0,"10":0,"11":0,"12":0,"13":0,"14":0,"15":0,"16":0},"b":{}}
,"/Users/personal/git/bsv-wallet-helper/src/script-templates/index.ts": {"path":"/Users/personal/git/bsv-wallet-helper/src/script-templates/index.ts","statementMap":{"0":{"start":{"line":1,"column":0},"end":{"line":1,"column":9}},"1":{"start":{"line":1,"column":9},"end":{"line":1,"column":31}},"2":{"start":{"line":2,"column":0},"end":{"line":2,"column":9}},"3":{"start":{"line":2,"column":9},"end":{"line":2,"column":34}}},"fnMap":{"0":{"name":"(anonymous_1)","decl":{"start":{"line":1,"column":9},"end":{"line":1,"column":16}},"loc":{"start":{"line":1,"column":9},"end":{"line":1,"column":31}}},"1":{"name":"(anonymous_2)","decl":{"start":{"line":2,"column":9},"end":{"line":2,"column":16}},"loc":{"start":{"line":2,"column":9},"end":{"line":2,"column":34}}}},"branchMap":{},"s":{"0":0,"1":0,"2":0,"3":0},"f":{"0":0,"1":0},"b":{}}
,"/Users/personal/git/bsv-wallet-helper/src/script-templates/ordinal.ts": {"path":"/Users/personal/git/bsv-wallet-helper/src/script-templates/ordinal.ts","statementMap":{"0":{"start":{"line":1,"column":0},"end":{"line":1,"column":null}},"1":{"start":{"line":12,"column":0},"end":{"line":12,"column":27}},"2":{"start":{"line":13,"column":0},"end":{"line":13,"column":55}},"3":{"start":{"line":34,"column":14},"end":{"line":36,"column":1}},"4":{"start":{"line":35,"column":2},"end":{"line":35,"column":null}},"5":{"start":{"line":53,"column":4},"end":{"line":53,"column":null}},"6":{"start":{"line":79,"column":4},"end":{"line":81,"column":5}},"7":{"start":{"line":80,"column":6},"end":{"line":80,"column":null}},"8":{"start":{"line":84,"column":4},"end":{"line":94,"column":5}},"9":{"start":{"line":85,"column":6},"end":{"line":87,"column":7}},"10":{"start":{"line":86,"column":8},"end":{"line":86,"column":null}},"11":{"start":{"line":88,"column":6},"end":{"line":90,"column":7}},"12":{"start":{"line":89,"column":8},"end":{"line":89,"column":null}},"13":{"start":{"line":91,"column":6},"end":{"line":93,"column":7}},"14":{"start":{"line":92,"column":8},"end":{"line":92,"column":null}},"15":{"start":{"line":97,"column":4},"end":{"line":107,"column":5}},"16":{"start":{"line":98,"column":6},"end":{"line":100,"column":7}},"17":{"start":{"line":99,"column":8},"end":{"line":99,"column":null}},"18":{"start":{"line":101,"column":6},"end":{"line":103,"column":7}},"19":{"start":{"line":102,"column":8},"end":{"line":102,"column":null}},"20":{"start":{"line":104,"column":6},"end":{"line":106,"column":7}},"21":{"start":{"line":105,"column":8},"end":{"line":105,"column":null}},"22":{"start":{"line":112,"column":4},"end":{"line":120,"column":5}},"23":{"start":{"line":113,"column":6},"end":{"line":113,"column":null}},"24":{"start":{"line":114,"column":11},"end":{"line":120,"column":5}},"25":{"start":{"line":115,"column":6},"end":{"line":115,"column":null}},"26":{"start":{"line":116,"column":11},"end":{"line":120,"column":5}},"27":{"start":{"line":117,"column":6},"end":{"line":117,"column":null}},"28":{"start":{"line":119,"column":6},"end":{"line":119,"column":null}},"29":{"start":{"line":123,"column":4},"end":{"line":123,"column":null}},"30":{"start":{"line":143,"column":4},"end":{"line":143,"column":null}},"31":{"start":{"line":44,"column":0},"end":{"line":44,"column":21}},"32":{"start":{"line":156,"column":32},"end":{"line":202,"column":1}},"33":{"start":{"line":162,"column":15},"end":{"line":162,"column":17}},"34":{"start":{"line":165,"column":2},"end":{"line":177,"column":3}},"35":{"start":{"line":166,"column":19},"end":{"line":166,"column":31}},"36":{"start":{"line":167,"column":21},"end":{"line":167,"column":63}},"37":{"start":{"line":168,"column":20},"end":{"line":168,"column":51}},"38":{"start":{"line":169,"column":4},"end":{"line":171,"column":5}},"39":{"start":{"line":170,"column":6},"end":{"line":170,"column":null}},"40":{"start":{"line":172,"column":26},"end":{"line":172,"column":56}},"41":{"start":{"line":173,"column":4},"end":{"line":175,"column":5}},"42":{"start":{"line":174,"column":6},"end":{"line":174,"column":null}},"43":{"start":{"line":176,"column":4},"end":{"line":176,"column":null}},"44":{"start":{"line":180,"column":23},"end":{"line":180,"column":121}},"45":{"start":{"line":183,"column":2},"end":{"line":185,"column":3}},"46":{"start":{"line":184,"column":4},"end":{"line":184,"column":null}},"47":{"start":{"line":187,"column":2},"end":{"line":199,"column":3}},"48":{"start":{"line":188,"column":25},"end":{"line":188,"column":50}},"49":{"start":{"line":189,"column":24},"end":{"line":189,"column":36}},"50":{"start":{"line":190,"column":4},"end":{"line":190,"column":null}},"51":{"start":{"line":192,"column":4},"end":{"line":198,"column":5}},"52":{"start":{"line":193,"column":6},"end":{"line":197,"column":7}},"53":{"start":{"line":194,"column":8},"end":{"line":196,"column":null}},"54":{"start":{"line":201,"column":2},"end":{"line":201,"column":null}},"55":{"start":{"line":156,"column":13},"end":{"line":156,"column":32}}},"fnMap":{"0":{"name":"(anonymous_1)","decl":{"start":{"line":34,"column":14},"end":{"line":34,"column":15}},"loc":{"start":{"line":34,"column":30},"end":{"line":36,"column":1}}},"1":{"name":"(anonymous_2)","decl":{"start":{"line":52,"column":2},"end":{"line":52,"column":15}},"loc":{"start":{"line":52,"column":39},"end":{"line":54,"column":3}}},"2":{"name":"(anonymous_3)","decl":{"start":{"line":77,"column":2},"end":{"line":77,"column":7}},"loc":{"start":{"line":77,"column":39},"end":{"line":124,"column":3}}},"3":{"name":"(anonymous_4)","decl":{"start":{"line":139,"column":2},"end":{"line":139,"column":8}},"loc":{"start":{"line":139,"column":38},"end":{"line":144,"column":3}}},"4":{"name":"(anonymous_5)","decl":{"start":{"line":156,"column":32},"end":{"line":156,"column":null}},"loc":{"start":{"line":161,"column":19},"end":{"line":202,"column":1}}}},"branchMap":{"0":{"loc":{"start":{"line":79,"column":4},"end":{"line":81,"column":5}},"type":"if","locations":[{"start":{"line":79,"column":4},"end":{"line":81,"column":5}}]},"1":{"loc":{"start":{"line":79,"column":8},"end":{"line":79,"column":45}},"type":"binary-expr","locations":[{"start":{"line":79,"column":8},"end":{"line":79,"column":15}},{"start":{"line":79,"column":19},"end":{"line":79,"column":45}}]},"2":{"loc":{"start":{"line":84,"column":4},"end":{"line":94,"column":5}},"type":"if","locations":[{"start":{"line":84,"column":4},"end":{"line":94,"column":5}}]},"3":{"loc":{"start":{"line":85,"column":6},"end":{"line":87,"column":7}},"type":"if","locations":[{"start":{"line":85,"column":6},"end":{"line":87,"column":7}}]},"4":{"loc":{"start":{"line":85,"column":10},"end":{"line":85,"column":79}},"type":"binary-expr","locations":[{"start":{"line":85,"column":10},"end":{"line":85,"column":48}},{"start":{"line":85,"column":52},"end":{"line":85,"column":79}}]},"5":{"loc":{"start":{"line":88,"column":6},"end":{"line":90,"column":7}},"type":"if","locations":[{"start":{"line":88,"column":6},"end":{"line":90,"column":7}}]},"6":{"loc":{"start":{"line":88,"column":10},"end":{"line":88,"column":87}},"type":"binary-expr","locations":[{"start":{"line":88,"column":10},"end":{"line":88,"column":37}},{"start":{"line":88,"column":41},"end":{"line":88,"column":87}}]},"7":{"loc":{"start":{"line":91,"column":6},"end":{"line":93,"column":7}},"type":"if","locations":[{"start":{"line":91,"column":6},"end":{"line":93,"column":7}}]},"8":{"loc":{"start":{"line":91,"column":10},"end":{"line":91,"column":95}},"type":"binary-expr","locations":[{"start":{"line":91,"column":10},"end":{"line":91,"column":41}},{"start":{"line":91,"column":45},"end":{"line":91,"column":95}}]},"9":{"loc":{"start":{"line":97,"column":4},"end":{"line":107,"column":5}},"type":"if","locations":[{"start":{"line":97,"column":4},"end":{"line":107,"column":5}}]},"10":{"loc":{"start":{"line":98,"column":6},"end":{"line":100,"column":7}},"type":"if","locations":[{"start":{"line":98,"column":6},"end":{"line":100,"column":7}}]},"11":{"loc":{"start":{"line":98,"column":10},"end":{"line":98,"column":73}},"type":"binary-expr","locations":[{"start":{"line":98,"column":10},"end":{"line":98,"column":45}},{"start":{"line":98,"column":49},"end":{"line":98,"column":73}}]},"12":{"loc":{"start":{"line":101,"column":6},"end":{"line":103,"column":7}},"type":"if","locations":[{"start":{"line":101,"column":6},"end":{"line":103,"column":7}}]},"13":{"loc":{"start":{"line":101,"column":10},"end":{"line":101,"column":73}},"type":"binary-expr","locations":[{"start":{"line":101,"column":10},"end":{"line":101,"column":30}},{"start":{"line":101,"column":34},"end":{"line":101,"column":73}}]},"14":{"loc":{"start":{"line":104,"column":6},"end":{"line":106,"column":7}},"type":"if","locations":[{"start":{"line":104,"column":6},"end":{"line":106,"column":7}}]},"15":{"loc":{"start":{"line":104,"column":10},"end":{"line":104,"column":75}},"type":"binary-expr","locations":[{"start":{"line":104,"column":10},"end":{"line":104,"column":31}},{"start":{"line":104,"column":35},"end":{"line":104,"column":75}}]},"16":{"loc":{"start":{"line":112,"column":4},"end":{"line":120,"column":5}},"type":"if","locations":[{"start":{"line":112,"column":4},"end":{"line":120,"column":5}},{"start":{"line":114,"column":11},"end":{"line":120,"column":5}}]},"17":{"loc":{"start":{"line":114,"column":11},"end":{"line":120,"column":5}},"type":"if","locations":[{"start":{"line":114,"column":11},"end":{"line":120,"column":5}},{"start":{"line":116,"column":11},"end":{"line":120,"column":5}}]},"18":{"loc":{"start":{"line":116,"column":11},"end":{"line":120,"column":5}},"type":"if","locations":[{"start":{"line":116,"column":11},"end":{"line":120,"column":5}},{"start":{"line":118,"column":11},"end":{"line":120,"column":5}}]},"19":{"loc":{"start":{"line":160,"column":2},"end":{"line":160,"column":23}},"type":"default-arg","locations":[{"start":{"line":160,"column":18},"end":{"line":160,"column":23}}]},"20":{"loc":{"start":{"line":165,"column":2},"end":{"line":177,"column":3}},"type":"if","locations":[{"start":{"line":165,"column":2},"end":{"line":177,"column":3}}]},"21":{"loc":{"start":{"line":165,"column":6},"end":{"line":165,"column":82}},"type":"binary-expr","locations":[{"start":{"line":165,"column":6},"end":{"line":165,"column":40}},{"start":{"line":165,"column":44},"end":{"line":165,"column":82}}]},"22":{"loc":{"start":{"line":169,"column":4},"end":{"line":171,"column":5}},"type":"if","locations":[{"start":{"line":169,"column":4},"end":{"line":171,"column":5}}]},"23":{"loc":{"start":{"line":173,"column":4},"end":{"line":175,"column":5}},"type":"if","locations":[{"start":{"line":173,"column":4},"end":{"line":175,"column":5}}]},"24":{"loc":{"start":{"line":180,"column":26},"end":{"line":180,"column":95}},"type":"cond-expr","locations":[{"start":{"line":180,"column":35},"end":{"line":180,"column":90}},{"start":{"line":180,"column":93},"end":{"line":180,"column":95}}]},"25":{"loc":{"start":{"line":180,"column":48},"end":{"line":180,"column":88}},"type":"cond-expr","locations":[{"start":{"line":180,"column":64},"end":{"line":180,"column":83}},{"start":{"line":180,"column":86},"end":{"line":180,"column":88}}]},"26":{"loc":{"start":{"line":183,"column":2},"end":{"line":185,"column":3}},"type":"if","locations":[{"start":{"line":183,"column":2},"end":{"line":185,"column":3}}]},"27":{"loc":{"start":{"line":183,"column":6},"end":{"line":183,"column":61}},"type":"binary-expr","locations":[{"start":{"line":183,"column":7},"end":{"line":183,"column":23}},{"start":{"line":183,"column":29},"end":{"line":183,"column":42}},{"start":{"line":183,"column":46},"end":{"line":183,"column":60}}]},"28":{"loc":{"start":{"line":187,"column":2},"end":{"line":199,"column":3}},"type":"if","locations":[{"start":{"line":187,"column":2},"end":{"line":199,"column":3}}]},"29":{"loc":{"start":{"line":187,"column":6},"end":{"line":187,"column":37}},"type":"binary-expr","locations":[{"start":{"line":187,"column":6},"end":{"line":187,"column":19}},{"start":{"line":187,"column":23},"end":{"line":187,"column":37}}]},"30":{"loc":{"start":{"line":190,"column":24},"end":{"line":190,"column":66}},"type":"cond-expr","locations":[{"start":{"line":190,"column":41},"end":{"line":190,"column":61}},{"start":{"line":190,"column":64},"end":{"line":190,"column":66}}]},"31":{"loc":{"start":{"line":193,"column":6},"end":{"line":197,"column":7}},"type":"if","locations":[{"start":{"line":193,"column":6},"end":{"line":197,"column":7}}]}},"s":{"0":2,"1":2,"2":2,"3":2,"4":32,"5":12,"6":11,"7":0,"8":11,"9":4,"10":0,"11":4,"12":0,"13":4,"14":0,"15":11,"16":4,"17":0,"18":4,"19":0,"20":4,"21":1,"22":10,"23":0,"24":10,"25":7,"26":3,"27":3,"28":0,"29":10,"30":2,"31":2,"32":2,"33":10,"34":10,"35":4,"36":4,"37":4,"38":4,"39":0,"40":4,"41":4,"42":0,"43":4,"44":10,"45":10,"46":0,"47":10,"48":3,"49":3,"50":3,"51":3,"52":9,"53":9,"54":10,"55":2},"f":{"0":32,"1":12,"2":11,"3":2,"4":10},"b":{"0":[0],"1":[11,11],"2":[4],"3":[0],"4":[4,4],"5":[0],"6":[4,4],"7":[0],"8":[4,4],"9":[4],"10":[0],"11":[4,4],"12":[0],"13":[4,4],"14":[1],"15":[4,3],"16":[0,10],"17":[7,3],"18":[3,0],"19":[10],"20":[4],"21":[10,4],"22":[0],"23":[0],"24":[4,6],"25":[0,4],"26":[0],"27":[10,3,3],"28":[3],"29":[10,3],"30":[3,0],"31":[9]}}
,"/Users/personal/git/bsv-wallet-helper/src/script-templates/p2pkh.ts": {"path":"/Users/personal/git/bsv-wallet-helper/src/script-templates/p2pkh.ts","statementMap":{"0":{"start":{"line":1,"column":0},"end":{"line":1,"column":null}},"1":{"start":{"line":16,"column":0},"end":{"line":16,"column":59}},"2":{"start":{"line":30,"column":2},"end":{"line":32,"column":3}},"3":{"start":{"line":31,"column":4},"end":{"line":31,"column":null}},"4":{"start":{"line":33,"column":2},"end":{"line":35,"column":3}},"5":{"start":{"line":34,"column":4},"end":{"line":34,"column":null}},"6":{"start":{"line":36,"column":2},"end":{"line":38,"column":3}},"7":{"start":{"line":37,"column":4},"end":{"line":37,"column":null}},"8":{"start":{"line":39,"column":2},"end":{"line":41,"column":3}},"9":{"start":{"line":40,"column":4},"end":{"line":40,"column":null}},"10":{"start":{"line":42,"column":2},"end":{"line":44,"column":3}},"11":{"start":{"line":43,"column":4},"end":{"line":43,"column":null}},"12":{"start":{"line":45,"column":2},"end":{"line":47,"column":3}},"13":{"start":{"line":46,"column":4},"end":{"line":46,"column":null}},"14":{"start":{"line":49,"column":2},"end":{"line":51,"column":3}},"15":{"start":{"line":50,"column":4},"end":{"line":50,"column":null}},"16":{"start":{"line":69,"column":4},"end":{"line":69,"column":null}},"17":{"start":{"line":95,"column":4},"end":{"line":97,"column":5}},"18":{"start":{"line":96,"column":6},"end":{"line":96,"column":null}},"19":{"start":{"line":102,"column":4},"end":{"line":126,"column":5}},"20":{"start":{"line":104,"column":6},"end":{"line":104,"column":null}},"21":{"start":{"line":105,"column":11},"end":{"line":126,"column":5}},"22":{"start":{"line":107,"column":27},"end":{"line":107,"column":65}},"23":{"start":{"line":108,"column":6},"end":{"line":108,"column":null}},"24":{"start":{"line":109,"column":11},"end":{"line":126,"column":5}},"25":{"start":{"line":111,"column":6},"end":{"line":111,"column":null}},"26":{"start":{"line":113,"column":6},"end":{"line":115,"column":7}},"27":{"start":{"line":114,"column":8},"end":{"line":114,"column":null}},"28":{"start":{"line":116,"column":59},"end":{"line":116,"column":78}},"29":{"start":{"line":117,"column":28},"end":{"line":121,"column":8}},"30":{"start":{"line":122,"column":27},"end":{"line":122,"column":58}},"31":{"start":{"line":123,"column":6},"end":{"line":123,"column":null}},"32":{"start":{"line":125,"column":6},"end":{"line":125,"column":null}},"33":{"start":{"line":129,"column":4},"end":{"line":131,"column":5}},"34":{"start":{"line":130,"column":6},"end":{"line":130,"column":null}},"35":{"start":{"line":134,"column":4},"end":{"line":140,"column":null}},"36":{"start":{"line":166,"column":4},"end":{"line":168,"column":5}},"37":{"start":{"line":167,"column":6},"end":{"line":167,"column":null}},"38":{"start":{"line":171,"column":23},"end":{"line":171,"column":75}},"39":{"start":{"line":172,"column":18},"end":{"line":172,"column":38}},"40":{"start":{"line":173,"column":25},"end":{"line":173,"column":55}},"41":{"start":{"line":174,"column":24},"end":{"line":174,"column":52}},"42":{"start":{"line":175,"column":25},"end":{"line":175,"column":54}},"43":{"start":{"line":176,"column":27},"end":{"line":176,"column":49}},"44":{"start":{"line":177,"column":26},"end":{"line":177,"column":47}},"45":{"start":{"line":180,"column":4},"end":{"line":182,"column":5}},"46":{"start":{"line":181,"column":6},"end":{"line":181,"column":null}},"47":{"start":{"line":183,"column":4},"end":{"line":185,"column":5}},"48":{"start":{"line":184,"column":6},"end":{"line":184,"column":null}},"49":{"start":{"line":186,"column":4},"end":{"line":188,"column":5}},"50":{"start":{"line":187,"column":6},"end":{"line":187,"column":null}},"51":{"start":{"line":189,"column":4},"end":{"line":191,"column":5}},"52":{"start":{"line":190,"column":6},"end":{"line":190,"column":null}},"53":{"start":{"line":192,"column":4},"end":{"line":194,"column":5}},"54":{"start":{"line":193,"column":6},"end":{"line":193,"column":null}},"55":{"start":{"line":196,"column":19},"end":{"line":196,"column":30}},"56":{"start":{"line":198,"column":4},"end":{"line":241,"column":null}},"57":{"start":{"line":201,"column":45},"end":{"line":201,"column":136}},"58":{"start":{"line":204,"column":30},"end":{"line":209,"column":10}},"59":{"start":{"line":212,"column":30},"end":{"line":216,"column":10}},"60":{"start":{"line":219,"column":29},"end":{"line":219,"column":64}},"61":{"start":{"line":220,"column":20},"end":{"line":223,"column":null}},"62":{"start":{"line":227,"column":29},"end":{"line":227,"column":51}},"63":{"start":{"line":228,"column":32},"end":{"line":228,"column":88}},"64":{"start":{"line":231,"column":8},"end":{"line":234,"column":null}},"65":{"start":{"line":239,"column":8},"end":{"line":239,"column":null}},"66":{"start":{"line":60,"column":0},"end":{"line":60,"column":21}}},"fnMap":{"0":{"name":"validateWalletDerivationParams","decl":{"start":{"line":29,"column":9},"end":{"line":29,"column":39}},"loc":{"start":{"line":29,"column":86},"end":{"line":52,"column":1}}},"1":{"name":"(anonymous_1)","decl":{"start":{"line":68,"column":2},"end":{"line":68,"column":15}},"loc":{"start":{"line":68,"column":39},"end":{"line":70,"column":3}}},"2":{"name":"(anonymous_2)","decl":{"start":{"line":93,"column":2},"end":{"line":93,"column":7}},"loc":{"start":{"line":93,"column":37},"end":{"line":141,"column":3}}},"3":{"name":"(anonymous_3)","decl":{"start":{"line":162,"column":2},"end":{"line":162,"column":8}},"loc":{"start":{"line":162,"column":36},"end":{"line":242,"column":3}}},"4":{"name":"(anonymous_4)","decl":{"start":{"line":199,"column":12},"end":{"line":199,"column":17}},"loc":{"start":{"line":199,"column":58},"end":{"line":235,"column":7}}},"5":{"name":"(anonymous_5)","decl":{"start":{"line":236,"column":22},"end":{"line":236,"column":27}},"loc":{"start":{"line":236,"column":33},"end":{"line":240,"column":7}}}},"branchMap":{"0":{"loc":{"start":{"line":29,"column":54},"end":{"line":29,"column":86}},"type":"default-arg","locations":[{"start":{"line":29,"column":74},"end":{"line":29,"column":86}}]},"1":{"loc":{"start":{"line":30,"column":2},"end":{"line":32,"column":3}},"type":"if","locations":[{"start":{"line":30,"column":2},"end":{"line":32,"column":3}}]},"2":{"loc":{"start":{"line":30,"column":6},"end":{"line":30,"column":43}},"type":"binary-expr","locations":[{"start":{"line":30,"column":6},"end":{"line":30,"column":13}},{"start":{"line":30,"column":17},"end":{"line":30,"column":43}}]},"3":{"loc":{"start":{"line":33,"column":2},"end":{"line":35,"column":3}},"type":"if","locations":[{"start":{"line":33,"column":2},"end":{"line":35,"column":3}}]},"4":{"loc":{"start":{"line":36,"column":2},"end":{"line":38,"column":3}},"type":"if","locations":[{"start":{"line":36,"column":2},"end":{"line":38,"column":3}}]},"5":{"loc":{"start":{"line":36,"column":6},"end":{"line":36,"column":73}},"type":"binary-expr","locations":[{"start":{"line":36,"column":6},"end":{"line":36,"column":39}},{"start":{"line":36,"column":43},"end":{"line":36,"column":73}}]},"6":{"loc":{"start":{"line":39,"column":2},"end":{"line":41,"column":3}},"type":"if","locations":[{"start":{"line":39,"column":2},"end":{"line":41,"column":3}}]},"7":{"loc":{"start":{"line":39,"column":6},"end":{"line":39,"column":90}},"type":"binary-expr","locations":[{"start":{"line":39,"column":6},"end":{"line":39,"column":46}},{"start":{"line":39,"column":50},"end":{"line":39,"column":90}}]},"8":{"loc":{"start":{"line":42,"column":2},"end":{"line":44,"column":3}},"type":"if","locations":[{"start":{"line":42,"column":2},"end":{"line":44,"column":3}}]},"9":{"loc":{"start":{"line":42,"column":6},"end":{"line":42,"column":57}},"type":"binary-expr","locations":[{"start":{"line":42,"column":6},"end":{"line":42,"column":32}},{"start":{"line":42,"column":36},"end":{"line":42,"column":57}}]},"10":{"loc":{"start":{"line":45,"column":2},"end":{"line":47,"column":3}},"type":"if","locations":[{"start":{"line":45,"column":2},"end":{"line":47,"column":3}}]},"11":{"loc":{"start":{"line":49,"column":2},"end":{"line":51,"column":3}},"type":"if","locations":[{"start":{"line":49,"column":2},"end":{"line":51,"column":3}}]},"12":{"loc":{"start":{"line":49,"column":6},"end":{"line":49,"column":82}},"type":"binary-expr","locations":[{"start":{"line":49,"column":6},"end":{"line":49,"column":39}},{"start":{"line":49,"column":43},"end":{"line":49,"column":82}}]},"13":{"loc":{"start":{"line":95,"column":4},"end":{"line":97,"column":5}},"type":"if","locations":[{"start":{"line":95,"column":4},"end":{"line":97,"column":5}}]},"14":{"loc":{"start":{"line":95,"column":8},"end":{"line":95,"column":45}},"type":"binary-expr","locations":[{"start":{"line":95,"column":8},"end":{"line":95,"column":15}},{"start":{"line":95,"column":19},"end":{"line":95,"column":45}}]},"15":{"loc":{"start":{"line":102,"column":4},"end":{"line":126,"column":5}},"type":"if","locations":[{"start":{"line":102,"column":4},"end":{"line":126,"column":5}},{"start":{"line":105,"column":11},"end":{"line":126,"column":5}}]},"16":{"loc":{"start":{"line":105,"column":11},"end":{"line":126,"column":5}},"type":"if","locations":[{"start":{"line":105,"column":11},"end":{"line":126,"column":5}},{"start":{"line":109,"column":11},"end":{"line":126,"column":5}}]},"17":{"loc":{"start":{"line":109,"column":11},"end":{"line":126,"column":5}},"type":"if","locations":[{"start":{"line":109,"column":11},"end":{"line":126,"column":5}},{"start":{"line":124,"column":11},"end":{"line":126,"column":5}}]},"18":{"loc":{"start":{"line":113,"column":6},"end":{"line":115,"column":7}},"type":"if","locations":[{"start":{"line":113,"column":6},"end":{"line":115,"column":7}}]},"19":{"loc":{"start":{"line":116,"column":33},"end":{"line":116,"column":54}},"type":"default-arg","locations":[{"start":{"line":116,"column":48},"end":{"line":116,"column":54}}]},"20":{"loc":{"start":{"line":129,"column":4},"end":{"line":131,"column":5}},"type":"if","locations":[{"start":{"line":129,"column":4},"end":{"line":131,"column":5}}]},"21":{"loc":{"start":{"line":129,"column":8},"end":{"line":129,"column":35}},"type":"binary-expr","locations":[{"start":{"line":129,"column":8},"end":{"line":129,"column":13}},{"start":{"line":129,"column":17},"end":{"line":129,"column":35}}]},"22":{"loc":{"start":{"line":166,"column":4},"end":{"line":168,"column":5}},"type":"if","locations":[{"start":{"line":166,"column":4},"end":{"line":168,"column":5}}]},"23":{"loc":{"start":{"line":171,"column":23},"end":{"line":171,"column":75}},"type":"binary-expr","locations":[{"start":{"line":171,"column":23},"end":{"line":171,"column":41}},{"start":{"line":171,"column":45},"end":{"line":171,"column":75}}]},"24":{"loc":{"start":{"line":172,"column":18},"end":{"line":172,"column":38}},"type":"binary-expr","locations":[{"start":{"line":172,"column":18},"end":{"line":172,"column":31}},{"start":{"line":172,"column":35},"end":{"line":172,"column":38}}]},"25":{"loc":{"start":{"line":173,"column":25},"end":{"line":173,"column":55}},"type":"binary-expr","locations":[{"start":{"line":173,"column":25},"end":{"line":173,"column":45}},{"start":{"line":173,"column":49},"end":{"line":173,"column":55}}]},"26":{"loc":{"start":{"line":174,"column":24},"end":{"line":174,"column":52}},"type":"binary-expr","locations":[{"start":{"line":174,"column":24},"end":{"line":174,"column":43}},{"start":{"line":174,"column":47},"end":{"line":174,"column":52}}]},"27":{"loc":{"start":{"line":175,"column":25},"end":{"line":175,"column":54}},"type":"binary-expr","locations":[{"start":{"line":175,"column":25},"end":{"line":175,"column":45}},{"start":{"line":175,"column":49},"end":{"line":175,"column":54}}]},"28":{"loc":{"start":{"line":180,"column":4},"end":{"line":182,"column":5}},"type":"if","locations":[{"start":{"line":180,"column":4},"end":{"line":182,"column":5}}]},"29":{"loc":{"start":{"line":180,"column":8},"end":{"line":180,"column":61}},"type":"binary-expr","locations":[{"start":{"line":180,"column":8},"end":{"line":180,"column":34}},{"start":{"line":180,"column":38},"end":{"line":180,"column":61}}]},"30":{"loc":{"start":{"line":183,"column":4},"end":{"line":185,"column":5}},"type":"if","locations":[{"start":{"line":183,"column":4},"end":{"line":185,"column":5}}]},"31":{"loc":{"start":{"line":186,"column":4},"end":{"line":188,"column":5}},"type":"if","locations":[{"start":{"line":186,"column":4},"end":{"line":188,"column":5}}]},"32":{"loc":{"start":{"line":186,"column":8},"end":{"line":186,"column":70}},"type":"binary-expr","locations":[{"start":{"line":186,"column":8},"end":{"line":186,"column":34}},{"start":{"line":186,"column":38},"end":{"line":186,"column":70}}]},"33":{"loc":{"start":{"line":189,"column":4},"end":{"line":191,"column":5}},"type":"if","locations":[{"start":{"line":189,"column":4},"end":{"line":191,"column":5}}]},"34":{"loc":{"start":{"line":192,"column":4},"end":{"line":194,"column":5}},"type":"if","locations":[{"start":{"line":192,"column":4},"end":{"line":194,"column":5}}]}},"s":{"0":3,"1":3,"2":6,"3":0,"4":6,"5":0,"6":6,"7":0,"8":6,"9":0,"10":6,"11":0,"12":6,"13":0,"14":6,"15":0,"16":45,"17":42,"18":0,"19":42,"20":2,"21":40,"22":33,"23":33,"24":7,"25":6,"26":6,"27":0,"28":6,"29":6,"30":6,"31":6,"32":1,"33":41,"34":1,"35":40,"36":7,"37":0,"38":7,"39":7,"40":7,"41":7,"42":7,"43":7,"44":7,"45":7,"46":0,"47":7,"48":0,"49":7,"50":0,"51":7,"52":0,"53":7,"54":0,"55":7,"56":7,"57":5,"58":5,"59":5,"60":5,"61":5,"62":5,"63":5,"64":5,"65":7,"66":3},"f":{"0":6,"1":45,"2":42,"3":7,"4":5,"5":7},"b":{"0":[0],"1":[0],"2":[6,6],"3":[0],"4":[0],"5":[6,6],"6":[0],"7":[6,6],"8":[0],"9":[6,6],"10":[0],"11":[0],"12":[6,6],"13":[0],"14":[42,42],"15":[2,40],"16":[33,7],"17":[6,1],"18":[0],"19":[0],"20":[1],"21":[41,41],"22":[0],"23":[7,0],"24":[7,0],"25":[7,0],"26":[7,6],"27":[7,6],"28":[0],"29":[7,7],"30":[0],"31":[0],"32":[7,7],"33":[0],"34":[0]}}
,"/Users/personal/git/bsv-wallet-helper/src/script-templates/types/index.ts": {"path":"/Users/personal/git/bsv-wallet-helper/src/script-templates/types/index.ts","statementMap":{"0":{"start":{"line":1,"column":0},"end":{"line":1,"column":24}}},"fnMap":{},"branchMap":{},"s":{"0":0},"f":{},"b":{}}
,"/Users/personal/git/bsv-wallet-helper/src/transaction-builder/index.ts": {"path":"/Users/personal/git/bsv-wallet-helper/src/transaction-builder/index.ts","statementMap":{"0":{"start":{"line":1,"column":0},"end":{"line":1,"column":9}},"1":{"start":{"line":1,"column":9},"end":{"line":1,"column":29}},"2":{"start":{"line":1,"column":29},"end":{"line":1,"column":44}},"3":{"start":{"line":1,"column":44},"end":{"line":1,"column":82}}},"fnMap":{"0":{"name":"(anonymous_0)","decl":{"start":{"line":1,"column":9},"end":{"line":1,"column":27}},"loc":{"start":{"line":1,"column":9},"end":{"line":1,"column":29}}},"1":{"name":"(anonymous_1)","decl":{"start":{"line":1,"column":29},"end":{"line":1,"column":42}},"loc":{"start":{"line":1,"column":29},"end":{"line":1,"column":44}}},"2":{"name":"(anonymous_2)","decl":{"start":{"line":1,"column":44},"end":{"line":1,"column":56}},"loc":{"start":{"line":1,"column":44},"end":{"line":1,"column":82}}}},"branchMap":{},"s":{"0":0,"1":0,"2":0,"3":0},"f":{"0":0,"1":0,"2":0},"b":{}}
,"/Users/personal/git/bsv-wallet-helper/src/transaction-builder/transaction.ts": {"path":"/Users/personal/git/bsv-wallet-helper/src/transaction-builder/transaction.ts","statementMap":{"0":{"start":{"line":1,"column":0},"end":{"line":1,"column":null}},"1":{"start":{"line":15,"column":0},"end":{"line":15,"column":45}},"2":{"start":{"line":16,"column":0},"end":{"line":16,"column":72}},"3":{"start":{"line":18,"column":0},"end":{"line":18,"column":40}},"4":{"start":{"line":19,"column":0},"end":{"line":19,"column":51}},"5":{"start":{"line":20,"column":0},"end":{"line":20,"column":55}},"6":{"start":{"line":21,"column":0},"end":{"line":21,"column":null}},"7":{"start":{"line":43,"column":21},"end":{"line":43,"column":47}},"8":{"start":{"line":44,"column":21},"end":{"line":44,"column":45}},"9":{"start":{"line":54,"column":4},"end":{"line":56,"column":5}},"10":{"start":{"line":55,"column":6},"end":{"line":55,"column":null}},"11":{"start":{"line":57,"column":4},"end":{"line":57,"column":null}},"12":{"start":{"line":58,"column":4},"end":{"line":58,"column":null}},"13":{"start":{"line":68,"column":4},"end":{"line":68,"column":null}},"14":{"start":{"line":78,"column":4},"end":{"line":78,"column":null}},"15":{"start":{"line":88,"column":4},"end":{"line":88,"column":null}},"16":{"start":{"line":98,"column":4},"end":{"line":98,"column":null}},"17":{"start":{"line":108,"column":4},"end":{"line":108,"column":null}},"18":{"start":{"line":118,"column":4},"end":{"line":118,"column":null}},"19":{"start":{"line":128,"column":4},"end":{"line":128,"column":null}},"20":{"start":{"line":138,"column":4},"end":{"line":138,"column":null}},"21":{"start":{"line":148,"column":4},"end":{"line":148,"column":null}},"22":{"start":{"line":158,"column":4},"end":{"line":158,"column":null}},"23":{"start":{"line":41,"column":0},"end":{"line":41,"column":13}},"24":{"start":{"line":171,"column":21},"end":{"line":171,"column":47}},"25":{"start":{"line":172,"column":21},"end":{"line":172,"column":47}},"26":{"start":{"line":182,"column":4},"end":{"line":184,"column":5}},"27":{"start":{"line":183,"column":6},"end":{"line":183,"column":null}},"28":{"start":{"line":185,"column":4},"end":{"line":185,"column":null}},"29":{"start":{"line":186,"column":4},"end":{"line":186,"column":null}},"30":{"start":{"line":196,"column":4},"end":{"line":198,"column":5}},"31":{"start":{"line":197,"column":6},"end":{"line":197,"column":null}},"32":{"start":{"line":199,"column":4},"end":{"line":199,"column":null}},"33":{"start":{"line":200,"column":4},"end":{"line":200,"column":null}},"34":{"start":{"line":210,"column":4},"end":{"line":212,"column":5}},"35":{"start":{"line":211,"column":6},"end":{"line":211,"column":null}},"36":{"start":{"line":213,"column":4},"end":{"line":213,"column":null}},"37":{"start":{"line":214,"column":4},"end":{"line":214,"column":null}},"38":{"start":{"line":224,"column":4},"end":{"line":224,"column":null}},"39":{"start":{"line":234,"column":4},"end":{"line":234,"column":null}},"40":{"start":{"line":244,"column":4},"end":{"line":244,"column":null}},"41":{"start":{"line":254,"column":4},"end":{"line":254,"column":null}},"42":{"start":{"line":264,"column":4},"end":{"line":264,"column":null}},"43":{"start":{"line":274,"column":4},"end":{"line":274,"column":null}},"44":{"start":{"line":284,"column":4},"end":{"line":284,"column":null}},"45":{"start":{"line":294,"column":4},"end":{"line":296,"column":5}},"46":{"start":{"line":295,"column":6},"end":{"line":295,"column":null}},"47":{"start":{"line":297,"column":4},"end":{"line":297,"column":null}},"48":{"start":{"line":298,"column":4},"end":{"line":298,"column":null}},"49":{"start":{"line":308,"column":4},"end":{"line":308,"column":null}},"50":{"start":{"line":318,"column":4},"end":{"line":318,"column":null}},"51":{"start":{"line":328,"column":4},"end":{"line":328,"column":null}},"52":{"start":{"line":169,"column":0},"end":{"line":169,"column":13}},"53":{"start":{"line":343,"column":19},"end":{"line":343,"column":null}},"54":{"start":{"line":344,"column":19},"end":{"line":344,"column":null}},"55":{"start":{"line":345,"column":10},"end":{"line":345,"column":null}},"56":{"start":{"line":354,"column":4},"end":{"line":356,"column":5}},"57":{"start":{"line":355,"column":6},"end":{"line":355,"column":null}},"58":{"start":{"line":357,"column":4},"end":{"line":357,"column":null}},"59":{"start":{"line":358,"column":4},"end":{"line":358,"column":null}},"60":{"start":{"line":368,"column":4},"end":{"line":370,"column":5}},"61":{"start":{"line":369,"column":6},"end":{"line":369,"column":null}},"62":{"start":{"line":371,"column":4},"end":{"line":371,"column":null}},"63":{"start":{"line":372,"column":4},"end":{"line":372,"column":null}},"64":{"start":{"line":382,"column":4},"end":{"line":384,"column":5}},"65":{"start":{"line":383,"column":6},"end":{"line":383,"column":null}},"66":{"start":{"line":387,"column":4},"end":{"line":389,"column":5}},"67":{"start":{"line":388,"column":6},"end":{"line":388,"column":null}},"68":{"start":{"line":390,"column":4},"end":{"line":392,"column":5}},"69":{"start":{"line":391,"column":6},"end":{"line":391,"column":null}},"70":{"start":{"line":393,"column":4},"end":{"line":395,"column":5}},"71":{"start":{"line":394,"column":6},"end":{"line":394,"column":null}},"72":{"start":{"line":396,"column":4},"end":{"line":398,"column":5}},"73":{"start":{"line":397,"column":6},"end":{"line":397,"column":null}},"74":{"start":{"line":399,"column":4},"end":{"line":401,"column":5}},"75":{"start":{"line":400,"column":6},"end":{"line":400,"column":null}},"76":{"start":{"line":404,"column":4},"end":{"line":409,"column":5}},"77":{"start":{"line":405,"column":35},"end":{"line":405,"column":51}},"78":{"start":{"line":406,"column":6},"end":{"line":408,"column":7}},"79":{"start":{"line":407,"column":8},"end":{"line":407,"column":null}},"80":{"start":{"line":412,"column":4},"end":{"line":421,"column":5}},"81":{"start":{"line":413,"column":6},"end":{"line":415,"column":7}},"82":{"start":{"line":414,"column":8},"end":{"line":414,"column":null}},"83":{"start":{"line":416,"column":6},"end":{"line":420,"column":7}},"84":{"start":{"line":416,"column":19},"end":{"line":416,"column":20}},"85":{"start":{"line":417,"column":8},"end":{"line":419,"column":9}},"86":{"start":{"line":418,"column":10},"end":{"line":418,"column":null}},"87":{"start":{"line":423,"column":4},"end":{"line":432,"column":5}},"88":{"start":{"line":424,"column":6},"end":{"line":426,"column":7}},"89":{"start":{"line":425,"column":8},"end":{"line":425,"column":null}},"90":{"start":{"line":427,"column":6},"end":{"line":431,"column":7}},"91":{"start":{"line":427,"column":19},"end":{"line":427,"column":20}},"92":{"start":{"line":428,"column":8},"end":{"line":430,"column":9}},"93":{"start":{"line":429,"column":10},"end":{"line":429,"column":null}},"94":{"start":{"line":434,"column":4},"end":{"line":443,"column":5}},"95":{"start":{"line":435,"column":6},"end":{"line":437,"column":7}},"96":{"start":{"line":436,"column":8},"end":{"line":436,"column":null}},"97":{"start":{"line":438,"column":6},"end":{"line":442,"column":7}},"98":{"start":{"line":438,"column":19},"end":{"line":438,"column":20}},"99":{"start":{"line":439,"column":8},"end":{"line":441,"column":9}},"100":{"start":{"line":440,"column":10},"end":{"line":440,"column":null}},"101":{"start":{"line":445,"column":4},"end":{"line":445,"column":null}},"102":{"start":{"line":446,"column":4},"end":{"line":446,"column":null}},"103":{"start":{"line":465,"column":4},"end":{"line":467,"column":5}},"104":{"start":{"line":466,"column":6},"end":{"line":466,"column":null}},"105":{"start":{"line":468,"column":4},"end":{"line":470,"column":5}},"106":{"start":{"line":469,"column":6},"end":{"line":469,"column":null}},"107":{"start":{"line":471,"column":4},"end":{"line":473,"column":5}},"108":{"start":{"line":472,"column":6},"end":{"line":472,"column":null}},"109":{"start":{"line":474,"column":4},"end":{"line":476,"column":5}},"110":{"start":{"line":475,"column":6},"end":{"line":475,"column":null}},"111":{"start":{"line":478,"column":37},"end":{"line":488,"column":null}},"112":{"start":{"line":490,"column":4},"end":{"line":490,"column":null}},"113":{"start":{"line":491,"column":4},"end":{"line":491,"column":null}},"114":{"start":{"line":510,"column":4},"end":{"line":512,"column":5}},"115":{"start":{"line":511,"column":6},"end":{"line":511,"column":null}},"116":{"start":{"line":513,"column":4},"end":{"line":515,"column":5}},"117":{"start":{"line":514,"column":6},"end":{"line":514,"column":null}},"118":{"start":{"line":516,"column":4},"end":{"line":518,"column":5}},"119":{"start":{"line":517,"column":6},"end":{"line":517,"column":null}},"120":{"start":{"line":519,"column":4},"end":{"line":521,"column":5}},"121":{"start":{"line":520,"column":6},"end":{"line":520,"column":null}},"122":{"start":{"line":523,"column":37},"end":{"line":533,"column":null}},"123":{"start":{"line":535,"column":4},"end":{"line":535,"column":null}},"124":{"start":{"line":536,"column":4},"end":{"line":536,"column":null}},"125":{"start":{"line":553,"column":4},"end":{"line":555,"column":5}},"126":{"start":{"line":554,"column":6},"end":{"line":554,"column":null}},"127":{"start":{"line":556,"column":4},"end":{"line":558,"column":5}},"128":{"start":{"line":557,"column":6},"end":{"line":557,"column":null}},"129":{"start":{"line":559,"column":4},"end":{"line":561,"column":5}},"130":{"start":{"line":560,"column":6},"end":{"line":560,"column":null}},"131":{"start":{"line":562,"column":4},"end":{"line":564,"column":5}},"132":{"start":{"line":563,"column":6},"end":{"line":563,"column":null}},"133":{"start":{"line":565,"column":4},"end":{"line":567,"column":5}},"134":{"start":{"line":566,"column":6},"end":{"line":566,"column":null}},"135":{"start":{"line":568,"column":4},"end":{"line":570,"column":5}},"136":{"start":{"line":569,"column":6},"end":{"line":569,"column":null}},"137":{"start":{"line":572,"column":37},"end":{"line":580,"column":null}},"138":{"start":{"line":582,"column":4},"end":{"line":582,"column":null}},"139":{"start":{"line":583,"column":4},"end":{"line":583,"column":null}},"140":{"start":{"line":594,"column":4},"end":{"line":596,"column":5}},"141":{"start":{"line":595,"column":6},"end":{"line":595,"column":null}},"142":{"start":{"line":597,"column":4},"end":{"line":599,"column":5}},"143":{"start":{"line":598,"column":6},"end":{"line":598,"column":null}},"144":{"start":{"line":603,"column":4},"end":{"line":607,"column":5}},"145":{"start":{"line":604,"column":6},"end":{"line":604,"column":null}},"146":{"start":{"line":605,"column":11},"end":{"line":607,"column":5}},"147":{"start":{"line":606,"column":6},"end":{"line":606,"column":null}},"148":{"start":{"line":610,"column":39},"end":{"line":615,"column":null}},"149":{"start":{"line":617,"column":4},"end":{"line":617,"column":null}},"150":{"start":{"line":618,"column":4},"end":{"line":618,"column":null}},"151":{"start":{"line":629,"column":4},"end":{"line":631,"column":5}},"152":{"start":{"line":630,"column":6},"end":{"line":630,"column":null}},"153":{"start":{"line":635,"column":4},"end":{"line":639,"column":5}},"154":{"start":{"line":636,"column":6},"end":{"line":636,"column":null}},"155":{"start":{"line":637,"column":11},"end":{"line":639,"column":5}},"156":{"start":{"line":638,"column":6},"end":{"line":638,"column":null}},"157":{"start":{"line":642,"column":39},"end":{"line":646,"column":null}},"158":{"start":{"line":648,"column":4},"end":{"line":648,"column":null}},"159":{"start":{"line":649,"column":4},"end":{"line":649,"column":null}},"160":{"start":{"line":660,"column":4},"end":{"line":662,"column":5}},"161":{"start":{"line":661,"column":6},"end":{"line":661,"column":null}},"162":{"start":{"line":663,"column":4},"end":{"line":665,"column":5}},"163":{"start":{"line":664,"column":6},"end":{"line":664,"column":null}},"164":{"start":{"line":669,"column":4},"end":{"line":673,"column":5}},"165":{"start":{"line":670,"column":6},"end":{"line":670,"column":null}},"166":{"start":{"line":671,"column":11},"end":{"line":673,"column":5}},"167":{"start":{"line":672,"column":6},"end":{"line":672,"column":null}},"168":{"start":{"line":676,"column":39},"end":{"line":683,"column":null}},"169":{"start":{"line":685,"column":4},"end":{"line":685,"column":null}},"170":{"start":{"line":686,"column":4},"end":{"line":686,"column":null}},"171":{"start":{"line":700,"column":4},"end":{"line":702,"column":5}},"172":{"start":{"line":701,"column":6},"end":{"line":701,"column":null}},"173":{"start":{"line":703,"column":4},"end":{"line":705,"column":5}},"174":{"start":{"line":704,"column":6},"end":{"line":704,"column":null}},"175":{"start":{"line":706,"column":4},"end":{"line":708,"column":5}},"176":{"start":{"line":707,"column":6},"end":{"line":707,"column":null}},"177":{"start":{"line":710,"column":39},"end":{"line":715,"column":null}},"178":{"start":{"line":717,"column":4},"end":{"line":717,"column":null}},"179":{"start":{"line":718,"column":4},"end":{"line":718,"column":null}},"180":{"start":{"line":734,"column":4},"end":{"line":736,"column":5}},"181":{"start":{"line":735,"column":6},"end":{"line":735,"column":null}},"182":{"start":{"line":739,"column":29},"end":{"line":739,"column":82}},"183":{"start":{"line":739,"column":57},"end":{"line":739,"column":81}},"184":{"start":{"line":740,"column":4},"end":{"line":742,"column":5}},"185":{"start":{"line":741,"column":6},"end":{"line":741,"column":null}},"186":{"start":{"line":745,"column":111},"end":{"line":745,"column":113}},"187":{"start":{"line":748,"column":44},"end":{"line":748,"column":46}},"188":{"start":{"line":751,"column":31},"end":{"line":751,"column":33}},"189":{"start":{"line":754,"column":27},"end":{"line":754,"column":29}},"190":{"start":{"line":757,"column":4},"end":{"line":815,"column":5}},"191":{"start":{"line":757,"column":17},"end":{"line":757,"column":18}},"192":{"start":{"line":758,"column":21},"end":{"line":758,"column":35}},"193":{"start":{"line":763,"column":6},"end":{"line":790,"column":7}},"194":{"start":{"line":767,"column":24},"end":{"line":767,"column":46}},"195":{"start":{"line":770,"column":31},"end":{"line":770,"column":50}},"196":{"start":{"line":773,"column":10},"end":{"line":779,"column":null}},"197":{"start":{"line":780,"column":10},"end":{"line":780,"column":15}},"198":{"start":{"line":784,"column":10},"end":{"line":784,"column":null}},"199":{"start":{"line":785,"column":10},"end":{"line":785,"column":15}},"200":{"start":{"line":788,"column":10},"end":{"line":788,"column":null}},"201":{"start":{"line":793,"column":6},"end":{"line":793,"column":null}},"202":{"start":{"line":796,"column":19},"end":{"line":796,"column":53}},"203":{"start":{"line":799,"column":36},"end":{"line":799,"column":82}},"204":{"start":{"line":800,"column":26},"end":{"line":804,"column":null}},"205":{"start":{"line":807,"column":31},"end":{"line":811,"column":null}},"206":{"start":{"line":813,"column":6},"end":{"line":813,"column":null}},"207":{"start":{"line":814,"column":6},"end":{"line":814,"column":null}},"208":{"start":{"line":818,"column":48},"end":{"line":818,"column":50}},"209":{"start":{"line":821,"column":28},"end":{"line":821,"column":30}},"210":{"start":{"line":824,"column":4},"end":{"line":1023,"column":5}},"211":{"start":{"line":824,"column":17},"end":{"line":824,"column":18}},"212":{"start":{"line":825,"column":21},"end":{"line":825,"column":36}},"213":{"start":{"line":829,"column":6},"end":{"line":943,"column":7}},"214":{"start":{"line":831,"column":24},"end":{"line":831,"column":46}},"215":{"start":{"line":832,"column":32},"end":{"line":832,"column":54}},"216":{"start":{"line":835,"column":10},"end":{"line":850,"column":11}},"217":{"start":{"line":836,"column":31},"end":{"line":836,"column":46}},"218":{"start":{"line":837,"column":12},"end":{"line":841,"column":null}},"219":{"start":{"line":844,"column":57},"end":{"line":844,"column":84}},"220":{"start":{"line":845,"column":12},"end":{"line":849,"column":null}},"221":{"start":{"line":853,"column":10},"end":{"line":859,"column":11}},"222":{"start":{"line":855,"column":12},"end":{"line":855,"column":null}},"223":{"start":{"line":858,"column":12},"end":{"line":858,"column":null}},"224":{"start":{"line":860,"column":10},"end":{"line":860,"column":15}},"225":{"start":{"line":863,"column":26},"end":{"line":863,"column":51}},"226":{"start":{"line":864,"column":32},"end":{"line":864,"column":54}},"227":{"start":{"line":867,"column":10},"end":{"line":882,"column":11}},"228":{"start":{"line":868,"column":31},"end":{"line":868,"column":46}},"229":{"start":{"line":869,"column":12},"end":{"line":873,"column":null}},"230":{"start":{"line":876,"column":57},"end":{"line":876,"column":84}},"231":{"start":{"line":877,"column":12},"end":{"line":881,"column":null}},"232":{"start":{"line":885,"column":10},"end":{"line":899,"column":11}},"233":{"start":{"line":887,"column":12},"end":{"line":891,"column":null}},"234":{"start":{"line":894,"column":12},"end":{"line":898,"column":null}},"235":{"start":{"line":900,"column":10},"end":{"line":900,"column":15}},"236":{"start":{"line":904,"column":10},"end":{"line":904,"column":null}},"237":{"start":{"line":905,"column":10},"end":{"line":905,"column":15}},"238":{"start":{"line":909,"column":24},"end":{"line":909,"column":46}},"239":{"start":{"line":910,"column":32},"end":{"line":910,"column":54}},"240":{"start":{"line":913,"column":10},"end":{"line":928,"column":11}},"241":{"start":{"line":914,"column":31},"end":{"line":914,"column":46}},"242":{"start":{"line":915,"column":12},"end":{"line":919,"column":null}},"243":{"start":{"line":922,"column":57},"end":{"line":922,"column":84}},"244":{"start":{"line":923,"column":12},"end":{"line":927,"column":null}},"245":{"start":{"line":931,"column":10},"end":{"line":937,"column":11}},"246":{"start":{"line":933,"column":12},"end":{"line":933,"column":null}},"247":{"start":{"line":936,"column":12},"end":{"line":936,"column":null}},"248":{"start":{"line":938,"column":10},"end":{"line":938,"column":15}},"249":{"start":{"line":941,"column":10},"end":{"line":941,"column":null}},"250":{"start":{"line":946,"column":6},"end":{"line":948,"column":7}},"251":{"start":{"line":947,"column":8},"end":{"line":947,"column":null}},"252":{"start":{"line":951,"column":34},"end":{"line":951,"column":79}},"253":{"start":{"line":951,"column":59},"end":{"line":951,"column":78}},"254":{"start":{"line":954,"column":6},"end":{"line":971,"column":7}},"255":{"start":{"line":956,"column":39},"end":{"line":959,"column":10}},"256":{"start":{"line":961,"column":8},"end":{"line":967,"column":9}},"257":{"start":{"line":963,"column":10},"end":{"line":963,"column":null}},"258":{"start":{"line":966,"column":10},"end":{"line":966,"column":null}},"259":{"start":{"line":968,"column":13},"end":{"line":971,"column":7}},"260":{"start":{"line":970,"column":8},"end":{"line":970,"column":null}},"261":{"start":{"line":974,"column":6},"end":{"line":1022,"column":7}},"262":{"start":{"line":976,"column":39},"end":{"line":979,"column":null}},"263":{"start":{"line":981,"column":8},"end":{"line":981,"column":null}},"264":{"start":{"line":984,"column":43},"end":{"line":988,"column":null}},"265":{"start":{"line":990,"column":8},"end":{"line":992,"column":9}},"266":{"start":{"line":991,"column":10},"end":{"line":991,"column":null}},"267":{"start":{"line":994,"column":8},"end":{"line":996,"column":9}},"268":{"start":{"line":995,"column":10},"end":{"line":995,"column":null}},"269":{"start":{"line":997,"column":8},"end":{"line":997,"column":null}},"270":{"start":{"line":1000,"column":43},"end":{"line":1004,"column":null}},"271":{"start":{"line":1006,"column":8},"end":{"line":1008,"column":9}},"272":{"start":{"line":1007,"column":10},"end":{"line":1007,"column":null}},"273":{"start":{"line":1010,"column":8},"end":{"line":1012,"column":9}},"274":{"start":{"line":1011,"column":10},"end":{"line":1011,"column":null}},"275":{"start":{"line":1015,"column":34},"end":{"line":1018,"column":null}},"276":{"start":{"line":1020,"column":8},"end":{"line":1020,"column":null}},"277":{"start":{"line":1021,"column":8},"end":{"line":1021,"column":null}},"278":{"start":{"line":1026,"column":53},"end":{"line":1028,"column":null}},"279":{"start":{"line":1033,"column":4},"end":{"line":1094,"column":5}},"280":{"start":{"line":1035,"column":25},"end":{"line":1035,"column":42}},"281":{"start":{"line":1036,"column":6},"end":{"line":1038,"column":null}},"282":{"start":{"line":1037,"column":8},"end":{"line":1037,"column":null}},"283":{"start":{"line":1039,"column":6},"end":{"line":1053,"column":null}},"284":{"start":{"line":1040,"column":8},"end":{"line":1052,"column":9}},"285":{"start":{"line":1042,"column":10},"end":{"line":1045,"column":null}},"286":{"start":{"line":1048,"column":10},"end":{"line":1051,"column":null}},"287":{"start":{"line":1056,"column":6},"end":{"line":1056,"column":null}},"288":{"start":{"line":1057,"column":6},"end":{"line":1057,"column":null}},"289":{"start":{"line":1060,"column":6},"end":{"line":1079,"column":7}},"290":{"start":{"line":1060,"column":19},"end":{"line":1060,"column":20}},"291":{"start":{"line":1061,"column":23},"end":{"line":1061,"column":38}},"292":{"start":{"line":1063,"column":8},"end":{"line":1078,"column":9}},"293":{"start":{"line":1065,"column":33},"end":{"line":1065,"column":54}},"294":{"start":{"line":1067,"column":10},"end":{"line":1069,"column":11}},"295":{"start":{"line":1068,"column":12},"end":{"line":1068,"column":null}},"296":{"start":{"line":1072,"column":10},"end":{"line":1074,"column":11}},"297":{"start":{"line":1073,"column":12},"end":{"line":1073,"column":null}},"298":{"start":{"line":1077,"column":10},"end":{"line":1077,"column":null}},"299":{"start":{"line":1083,"column":6},"end":{"line":1093,"column":7}},"300":{"start":{"line":1084,"column":8},"end":{"line":1084,"column":null}},"301":{"start":{"line":1087,"column":27},"end":{"line":1087,"column":37}},"302":{"start":{"line":1088,"column":8},"end":{"line":1091,"column":null}},"303":{"start":{"line":1089,"column":23},"end":{"line":1089,"column":55}},"304":{"start":{"line":1090,"column":10},"end":{"line":1090,"column":null}},"305":{"start":{"line":1092,"column":8},"end":{"line":1092,"column":null}},"306":{"start":{"line":1097,"column":29},"end":{"line":1103,"column":null}},"307":{"start":{"line":1106,"column":4},"end":{"line":1108,"column":5}},"308":{"start":{"line":1107,"column":6},"end":{"line":1107,"column":null}},"309":{"start":{"line":1111,"column":22},"end":{"line":1111,"column":70}},"310":{"start":{"line":1114,"column":4},"end":{"line":1119,"column":5}},"311":{"start":{"line":1115,"column":6},"end":{"line":1118,"column":null}},"312":{"start":{"line":1122,"column":4},"end":{"line":1124,"column":5}},"313":{"start":{"line":1123,"column":6},"end":{"line":1123,"column":null}},"314":{"start":{"line":1126,"column":22},"end":{"line":1126,"column":61}},"315":{"start":{"line":1127,"column":21},"end":{"line":1127,"column":75}},"316":{"start":{"line":1131,"column":4},"end":{"line":1135,"column":5}},"317":{"start":{"line":1131,"column":17},"end":{"line":1131,"column":18}},"318":{"start":{"line":1132,"column":21},"end":{"line":1132,"column":35}},"319":{"start":{"line":1133,"column":6},"end":{"line":1133,"column":null}},"320":{"start":{"line":1134,"column":6},"end":{"line":1134,"column":null}},"321":{"start":{"line":1138,"column":4},"end":{"line":1138,"column":null}},"322":{"start":{"line":1141,"column":67},"end":{"line":1141,"column":69}},"323":{"start":{"line":1142,"column":4},"end":{"line":1148,"column":5}},"324":{"start":{"line":1142,"column":17},"end":{"line":1142,"column":18}},"325":{"start":{"line":1143,"column":30},"end":{"line":1143,"column":73}},"326":{"start":{"line":1144,"column":6},"end":{"line":1146,"column":7}},"327":{"start":{"line":1145,"column":8},"end":{"line":1145,"column":null}},"328":{"start":{"line":1147,"column":6},"end":{"line":1147,"column":null}},"329":{"start":{"line":1151,"column":25},"end":{"line":1154,"column":6}},"330":{"start":{"line":1156,"column":4},"end":{"line":1159,"column":null}},"331":{"start":{"line":1169,"column":4},"end":{"line":1169,"column":null}},"332":{"start":{"line":340,"column":0},"end":{"line":340,"column":13}}},"fnMap":{"0":{"name":"(anonymous_1)","decl":{"start":{"line":42,"column":2},"end":{"line":42,"column":null}},"loc":{"start":{"line":44,"column":45},"end":{"line":45,"column":7}}},"1":{"name":"(anonymous_2)","decl":{"start":{"line":53,"column":2},"end":{"line":53,"column":18}},"loc":{"start":{"line":53,"column":32},"end":{"line":59,"column":3}}},"2":{"name":"(anonymous_3)","decl":{"start":{"line":67,"column":2},"end":{"line":67,"column":15}},"loc":{"start":{"line":67,"column":44},"end":{"line":69,"column":3}}},"3":{"name":"(anonymous_4)","decl":{"start":{"line":77,"column":2},"end":{"line":77,"column":22}},"loc":{"start":{"line":77,"column":58},"end":{"line":79,"column":3}}},"4":{"name":"(anonymous_5)","decl":{"start":{"line":87,"column":2},"end":{"line":87,"column":16}},"loc":{"start":{"line":87,"column":46},"end":{"line":89,"column":3}}},"5":{"name":"(anonymous_6)","decl":{"start":{"line":97,"column":2},"end":{"line":97,"column":16}},"loc":{"start":{"line":97,"column":46},"end":{"line":99,"column":3}}},"6":{"name":"(anonymous_7)","decl":{"start":{"line":107,"column":2},"end":{"line":107,"column":17}},"loc":{"start":{"line":107,"column":49},"end":{"line":109,"column":3}}},"7":{"name":"(anonymous_8)","decl":{"start":{"line":117,"column":2},"end":{"line":117,"column":23}},"loc":{"start":{"line":117,"column":60},"end":{"line":119,"column":3}}},"8":{"name":"(anonymous_9)","decl":{"start":{"line":127,"column":2},"end":{"line":127,"column":17}},"loc":{"start":{"line":127,"column":48},"end":{"line":129,"column":3}}},"9":{"name":"(anonymous_10)","decl":{"start":{"line":137,"column":2},"end":{"line":137,"column":9}},"loc":{"start":{"line":137,"column":36},"end":{"line":139,"column":3}}},"10":{"name":"(anonymous_11)","decl":{"start":{"line":147,"column":2},"end":{"line":147,"column":7}},"loc":{"start":{"line":147,"column":35},"end":{"line":149,"column":3}}},"11":{"name":"(anonymous_12)","decl":{"start":{"line":157,"column":2},"end":{"line":157,"column":7}},"loc":{"start":{"line":157,"column":15},"end":{"line":159,"column":3}}},"12":{"name":"(anonymous_13)","decl":{"start":{"line":170,"column":2},"end":{"line":170,"column":null}},"loc":{"start":{"line":172,"column":47},"end":{"line":173,"column":7}}},"13":{"name":"(anonymous_14)","decl":{"start":{"line":181,"column":2},"end":{"line":181,"column":13}},"loc":{"start":{"line":181,"column":47},"end":{"line":187,"column":3}}},"14":{"name":"(anonymous_15)","decl":{"start":{"line":195,"column":2},"end":{"line":195,"column":8}},"loc":{"start":{"line":195,"column":23},"end":{"line":201,"column":3}}},"15":{"name":"(anonymous_16)","decl":{"start":{"line":209,"column":2},"end":{"line":209,"column":20}},"loc":{"start":{"line":209,"column":35},"end":{"line":215,"column":3}}},"16":{"name":"(anonymous_17)","decl":{"start":{"line":223,"column":2},"end":{"line":223,"column":16}},"loc":{"start":{"line":223,"column":46},"end":{"line":225,"column":3}}},"17":{"name":"(anonymous_18)","decl":{"start":{"line":233,"column":2},"end":{"line":233,"column":17}},"loc":{"start":{"line":233,"column":49},"end":{"line":235,"column":3}}},"18":{"name":"(anonymous_19)","decl":{"start":{"line":243,"column":2},"end":{"line":243,"column":15}},"loc":{"start":{"line":243,"column":44},"end":{"line":245,"column":3}}},"19":{"name":"(anonymous_20)","decl":{"start":{"line":253,"column":2},"end":{"line":253,"column":22}},"loc":{"start":{"line":253,"column":58},"end":{"line":255,"column":3}}},"20":{"name":"(anonymous_21)","decl":{"start":{"line":263,"column":2},"end":{"line":263,"column":16}},"loc":{"start":{"line":263,"column":46},"end":{"line":265,"column":3}}},"21":{"name":"(anonymous_22)","decl":{"start":{"line":273,"column":2},"end":{"line":273,"column":23}},"loc":{"start":{"line":273,"column":60},"end":{"line":275,"column":3}}},"22":{"name":"(anonymous_23)","decl":{"start":{"line":283,"column":2},"end":{"line":283,"column":17}},"loc":{"start":{"line":283,"column":48},"end":{"line":285,"column":3}}},"23":{"name":"(anonymous_24)","decl":{"start":{"line":293,"column":2},"end":{"line":293,"column":19}},"loc":{"start":{"line":293,"column":33},"end":{"line":299,"column":3}}},"24":{"name":"(anonymous_25)","decl":{"start":{"line":307,"column":2},"end":{"line":307,"column":9}},"loc":{"start":{"line":307,"column":36},"end":{"line":309,"column":3}}},"25":{"name":"(anonymous_26)","decl":{"start":{"line":317,"column":2},"end":{"line":317,"column":7}},"loc":{"start":{"line":317,"column":35},"end":{"line":319,"column":3}}},"26":{"name":"(anonymous_27)","decl":{"start":{"line":327,"column":2},"end":{"line":327,"column":7}},"loc":{"start":{"line":327,"column":15},"end":{"line":329,"column":3}}},"27":{"name":"(anonymous_28)","decl":{"start":{"line":353,"column":2},"end":{"line":353,"column":15}},"loc":{"start":{"line":353,"column":60},"end":{"line":359,"column":3}}},"28":{"name":"(anonymous_29)","decl":{"start":{"line":367,"column":2},"end":{"line":367,"column":24}},"loc":{"start":{"line":367,"column":38},"end":{"line":373,"column":3}}},"29":{"name":"(anonymous_30)","decl":{"start":{"line":381,"column":2},"end":{"line":381,"column":9}},"loc":{"start":{"line":381,"column":36},"end":{"line":447,"column":3}}},"30":{"name":"(anonymous_31)","decl":{"start":{"line":463,"column":2},"end":{"line":463,"column":15}},"loc":{"start":{"line":463,"column":44},"end":{"line":492,"column":3}}},"31":{"name":"(anonymous_32)","decl":{"start":{"line":508,"column":2},"end":{"line":508,"column":22}},"loc":{"start":{"line":508,"column":58},"end":{"line":537,"column":3}}},"32":{"name":"(anonymous_33)","decl":{"start":{"line":551,"column":2},"end":{"line":551,"column":16}},"loc":{"start":{"line":551,"column":46},"end":{"line":584,"column":3}}},"33":{"name":"(anonymous_34)","decl":{"start":{"line":592,"column":2},"end":{"line":592,"column":16}},"loc":{"start":{"line":592,"column":46},"end":{"line":619,"column":3}}},"34":{"name":"(anonymous_35)","decl":{"start":{"line":627,"column":2},"end":{"line":627,"column":17}},"loc":{"start":{"line":627,"column":49},"end":{"line":650,"column":3}}},"35":{"name":"(anonymous_36)","decl":{"start":{"line":658,"column":2},"end":{"line":658,"column":23}},"loc":{"start":{"line":658,"column":60},"end":{"line":687,"column":3}}},"36":{"name":"(anonymous_37)","decl":{"start":{"line":698,"column":2},"end":{"line":698,"column":17}},"loc":{"start":{"line":698,"column":48},"end":{"line":719,"column":3}}},"37":{"name":"(anonymous_38)","decl":{"start":{"line":732,"column":2},"end":{"line":732,"column":7}},"loc":{"start":{"line":732,"column":35},"end":{"line":1160,"column":3}}},"38":{"name":"(anonymous_39)","decl":{"start":{"line":739,"column":47},"end":{"line":739,"column":53}},"loc":{"start":{"line":739,"column":57},"end":{"line":739,"column":81}}},"39":{"name":"(anonymous_40)","decl":{"start":{"line":951,"column":54},"end":{"line":951,"column":55}},"loc":{"start":{"line":951,"column":59},"end":{"line":951,"column":78}}},"40":{"name":"(anonymous_41)","decl":{"start":{"line":1036,"column":29},"end":{"line":1036,"column":30}},"loc":{"start":{"line":1036,"column":39},"end":{"line":1038,"column":7}}},"41":{"name":"(anonymous_42)","decl":{"start":{"line":1039,"column":30},"end":{"line":1039,"column":31}},"loc":{"start":{"line":1039,"column":41},"end":{"line":1053,"column":7}}},"42":{"name":"(anonymous_43)","decl":{"start":{"line":1088,"column":31},"end":{"line":1088,"column":32}},"loc":{"start":{"line":1088,"column":41},"end":{"line":1091,"column":9}}},"43":{"name":"(anonymous_44)","decl":{"start":{"line":1168,"column":2},"end":{"line":1168,"column":7}},"loc":{"start":{"line":1168,"column":15},"end":{"line":1170,"column":3}}}},"branchMap":{"0":{"loc":{"start":{"line":54,"column":4},"end":{"line":56,"column":5}},"type":"if","locations":[{"start":{"line":54,"column":4},"end":{"line":56,"column":5}}]},"1":{"loc":{"start":{"line":182,"column":4},"end":{"line":184,"column":5}},"type":"if","locations":[{"start":{"line":182,"column":4},"end":{"line":184,"column":5}}]},"2":{"loc":{"start":{"line":182,"column":8},"end":{"line":182,"column":53}},"type":"binary-expr","locations":[{"start":{"line":182,"column":8},"end":{"line":182,"column":30}},{"start":{"line":182,"column":34},"end":{"line":182,"column":53}}]},"3":{"loc":{"start":{"line":196,"column":4},"end":{"line":198,"column":5}},"type":"if","locations":[{"start":{"line":196,"column":4},"end":{"line":198,"column":5}}]},"4":{"loc":{"start":{"line":196,"column":8},"end":{"line":196,"column":55}},"type":"binary-expr","locations":[{"start":{"line":196,"column":8},"end":{"line":196,"column":33}},{"start":{"line":196,"column":37},"end":{"line":196,"column":55}}]},"5":{"loc":{"start":{"line":210,"column":4},"end":{"line":212,"column":5}},"type":"if","locations":[{"start":{"line":210,"column":4},"end":{"line":212,"column":5}}]},"6":{"loc":{"start":{"line":210,"column":8},"end":{"line":210,"column":55}},"type":"binary-expr","locations":[{"start":{"line":210,"column":8},"end":{"line":210,"column":33}},{"start":{"line":210,"column":37},"end":{"line":210,"column":55}}]},"7":{"loc":{"start":{"line":294,"column":4},"end":{"line":296,"column":5}},"type":"if","locations":[{"start":{"line":294,"column":4},"end":{"line":296,"column":5}}]},"8":{"loc":{"start":{"line":354,"column":4},"end":{"line":356,"column":5}},"type":"if","locations":[{"start":{"line":354,"column":4},"end":{"line":356,"column":5}}]},"9":{"loc":{"start":{"line":368,"column":4},"end":{"line":370,"column":5}},"type":"if","locations":[{"start":{"line":368,"column":4},"end":{"line":370,"column":5}}]},"10":{"loc":{"start":{"line":382,"column":4},"end":{"line":384,"column":5}},"type":"if","locations":[{"start":{"line":382,"column":4},"end":{"line":384,"column":5}}]},"11":{"loc":{"start":{"line":382,"column":8},"end":{"line":382,"column":41}},"type":"binary-expr","locations":[{"start":{"line":382,"column":8},"end":{"line":382,"column":13}},{"start":{"line":382,"column":17},"end":{"line":382,"column":41}}]},"12":{"loc":{"start":{"line":387,"column":4},"end":{"line":389,"column":5}},"type":"if","locations":[{"start":{"line":387,"column":4},"end":{"line":389,"column":5}}]},"13":{"loc":{"start":{"line":387,"column":8},"end":{"line":387,"column":85}},"type":"binary-expr","locations":[{"start":{"line":387,"column":8},"end":{"line":387,"column":41}},{"start":{"line":387,"column":45},"end":{"line":387,"column":85}}]},"14":{"loc":{"start":{"line":390,"column":4},"end":{"line":392,"column":5}},"type":"if","locations":[{"start":{"line":390,"column":4},"end":{"line":392,"column":5}}]},"15":{"loc":{"start":{"line":390,"column":8},"end":{"line":390,"column":101}},"type":"binary-expr","locations":[{"start":{"line":390,"column":8},"end":{"line":390,"column":49}},{"start":{"line":390,"column":53},"end":{"line":390,"column":101}}]},"16":{"loc":{"start":{"line":393,"column":4},"end":{"line":395,"column":5}},"type":"if","locations":[{"start":{"line":393,"column":4},"end":{"line":395,"column":5}}]},"17":{"loc":{"start":{"line":393,"column":8},"end":{"line":393,"column":85}},"type":"binary-expr","locations":[{"start":{"line":393,"column":8},"end":{"line":393,"column":41}},{"start":{"line":393,"column":45},"end":{"line":393,"column":85}}]},"18":{"loc":{"start":{"line":396,"column":4},"end":{"line":398,"column":5}},"type":"if","locations":[{"start":{"line":396,"column":4},"end":{"line":398,"column":5}}]},"19":{"loc":{"start":{"line":396,"column":8},"end":{"line":396,"column":69}},"type":"binary-expr","locations":[{"start":{"line":396,"column":8},"end":{"line":396,"column":33}},{"start":{"line":396,"column":37},"end":{"line":396,"column":69}}]},"20":{"loc":{"start":{"line":399,"column":4},"end":{"line":401,"column":5}},"type":"if","locations":[{"start":{"line":399,"column":4},"end":{"line":401,"column":5}}]},"21":{"loc":{"start":{"line":399,"column":8},"end":{"line":399,"column":89}},"type":"binary-expr","locations":[{"start":{"line":399,"column":8},"end":{"line":399,"column":43}},{"start":{"line":399,"column":47},"end":{"line":399,"column":89}}]},"22":{"loc":{"start":{"line":404,"column":4},"end":{"line":409,"column":5}},"type":"if","locations":[{"start":{"line":404,"column":4},"end":{"line":409,"column":5}}]},"23":{"loc":{"start":{"line":406,"column":6},"end":{"line":408,"column":7}},"type":"if","locations":[{"start":{"line":406,"column":6},"end":{"line":408,"column":7}}]},"24":{"loc":{"start":{"line":406,"column":10},"end":{"line":406,"column":94}},"type":"binary-expr","locations":[{"start":{"line":406,"column":10},"end":{"line":406,"column":44}},{"start":{"line":406,"column":48},"end":{"line":406,"column":94}}]},"25":{"loc":{"start":{"line":412,"column":4},"end":{"line":421,"column":5}},"type":"if","locations":[{"start":{"line":412,"column":4},"end":{"line":421,"column":5}}]},"26":{"loc":{"start":{"line":413,"column":6},"end":{"line":415,"column":7}},"type":"if","locations":[{"start":{"line":413,"column":6},"end":{"line":415,"column":7}}]},"27":{"loc":{"start":{"line":417,"column":8},"end":{"line":419,"column":9}},"type":"if","locations":[{"start":{"line":417,"column":8},"end":{"line":419,"column":9}}]},"28":{"loc":{"start":{"line":423,"column":4},"end":{"line":432,"column":5}},"type":"if","locations":[{"start":{"line":423,"column":4},"end":{"line":432,"column":5}}]},"29":{"loc":{"start":{"line":424,"column":6},"end":{"line":426,"column":7}},"type":"if","locations":[{"start":{"line":424,"column":6},"end":{"line":426,"column":7}}]},"30":{"loc":{"start":{"line":428,"column":8},"end":{"line":430,"column":9}},"type":"if","locations":[{"start":{"line":428,"column":8},"end":{"line":430,"column":9}}]},"31":{"loc":{"start":{"line":434,"column":4},"end":{"line":443,"column":5}},"type":"if","locations":[{"start":{"line":434,"column":4},"end":{"line":443,"column":5}}]},"32":{"loc":{"start":{"line":435,"column":6},"end":{"line":437,"column":7}},"type":"if","locations":[{"start":{"line":435,"column":6},"end":{"line":437,"column":7}}]},"33":{"loc":{"start":{"line":439,"column":8},"end":{"line":441,"column":9}},"type":"if","locations":[{"start":{"line":439,"column":8},"end":{"line":441,"column":9}}]},"34":{"loc":{"start":{"line":465,"column":4},"end":{"line":467,"column":5}},"type":"if","locations":[{"start":{"line":465,"column":4},"end":{"line":467,"column":5}}]},"35":{"loc":{"start":{"line":465,"column":8},"end":{"line":465,"column":81}},"type":"binary-expr","locations":[{"start":{"line":465,"column":8},"end":{"line":465,"column":33}},{"start":{"line":465,"column":37},"end":{"line":465,"column":81}}]},"36":{"loc":{"start":{"line":468,"column":4},"end":{"line":470,"column":5}},"type":"if","locations":[{"start":{"line":468,"column":4},"end":{"line":470,"column":5}}]},"37":{"loc":{"start":{"line":471,"column":4},"end":{"line":473,"column":5}},"type":"if","locations":[{"start":{"line":471,"column":4},"end":{"line":473,"column":5}}]},"38":{"loc":{"start":{"line":471,"column":8},"end":{"line":471,"column":84}},"type":"binary-expr","locations":[{"start":{"line":471,"column":8},"end":{"line":471,"column":52}},{"start":{"line":471,"column":56},"end":{"line":471,"column":84}}]},"39":{"loc":{"start":{"line":474,"column":4},"end":{"line":476,"column":5}},"type":"if","locations":[{"start":{"line":474,"column":4},"end":{"line":476,"column":5}}]},"40":{"loc":{"start":{"line":474,"column":8},"end":{"line":474,"column":82}},"type":"binary-expr","locations":[{"start":{"line":474,"column":8},"end":{"line":474,"column":40}},{"start":{"line":474,"column":44},"end":{"line":474,"column":82}}]},"41":{"loc":{"start":{"line":484,"column":19},"end":{"line":484,"column":46}},"type":"binary-expr","locations":[{"start":{"line":484,"column":19},"end":{"line":484,"column":37}},{"start":{"line":484,"column":41},"end":{"line":484,"column":46}}]},"42":{"loc":{"start":{"line":485,"column":20},"end":{"line":485,"column":48}},"type":"binary-expr","locations":[{"start":{"line":485,"column":20},"end":{"line":485,"column":39}},{"start":{"line":485,"column":43},"end":{"line":485,"column":48}}]},"43":{"loc":{"start":{"line":510,"column":4},"end":{"line":512,"column":5}},"type":"if","locations":[{"start":{"line":510,"column":4},"end":{"line":512,"column":5}}]},"44":{"loc":{"start":{"line":510,"column":8},"end":{"line":510,"column":81}},"type":"binary-expr","locations":[{"start":{"line":510,"column":8},"end":{"line":510,"column":33}},{"start":{"line":510,"column":37},"end":{"line":510,"column":81}}]},"45":{"loc":{"start":{"line":513,"column":4},"end":{"line":515,"column":5}},"type":"if","locations":[{"start":{"line":513,"column":4},"end":{"line":515,"column":5}}]},"46":{"loc":{"start":{"line":516,"column":4},"end":{"line":518,"column":5}},"type":"if","locations":[{"start":{"line":516,"column":4},"end":{"line":518,"column":5}}]},"47":{"loc":{"start":{"line":516,"column":8},"end":{"line":516,"column":84}},"type":"binary-expr","locations":[{"start":{"line":516,"column":8},"end":{"line":516,"column":52}},{"start":{"line":516,"column":56},"end":{"line":516,"column":84}}]},"48":{"loc":{"start":{"line":519,"column":4},"end":{"line":521,"column":5}},"type":"if","locations":[{"start":{"line":519,"column":4},"end":{"line":521,"column":5}}]},"49":{"loc":{"start":{"line":519,"column":8},"end":{"line":519,"column":82}},"type":"binary-expr","locations":[{"start":{"line":519,"column":8},"end":{"line":519,"column":40}},{"start":{"line":519,"column":44},"end":{"line":519,"column":82}}]},"50":{"loc":{"start":{"line":529,"column":19},"end":{"line":529,"column":46}},"type":"binary-expr","locations":[{"start":{"line":529,"column":19},"end":{"line":529,"column":37}},{"start":{"line":529,"column":41},"end":{"line":529,"column":46}}]},"51":{"loc":{"start":{"line":530,"column":20},"end":{"line":530,"column":48}},"type":"binary-expr","locations":[{"start":{"line":530,"column":20},"end":{"line":530,"column":39}},{"start":{"line":530,"column":43},"end":{"line":530,"column":48}}]},"52":{"loc":{"start":{"line":553,"column":4},"end":{"line":555,"column":5}},"type":"if","locations":[{"start":{"line":553,"column":4},"end":{"line":555,"column":5}}]},"53":{"loc":{"start":{"line":556,"column":4},"end":{"line":558,"column":5}},"type":"if","locations":[{"start":{"line":556,"column":4},"end":{"line":558,"column":5}}]},"54":{"loc":{"start":{"line":559,"column":4},"end":{"line":561,"column":5}},"type":"if","locations":[{"start":{"line":559,"column":4},"end":{"line":561,"column":5}}]},"55":{"loc":{"start":{"line":559,"column":8},"end":{"line":559,"column":81}},"type":"binary-expr","locations":[{"start":{"line":559,"column":8},"end":{"line":559,"column":33}},{"start":{"line":559,"column":37},"end":{"line":559,"column":81}}]},"56":{"loc":{"start":{"line":562,"column":4},"end":{"line":564,"column":5}},"type":"if","locations":[{"start":{"line":562,"column":4},"end":{"line":564,"column":5}}]},"57":{"loc":{"start":{"line":565,"column":4},"end":{"line":567,"column":5}},"type":"if","locations":[{"start":{"line":565,"column":4},"end":{"line":567,"column":5}}]},"58":{"loc":{"start":{"line":565,"column":8},"end":{"line":565,"column":84}},"type":"binary-expr","locations":[{"start":{"line":565,"column":8},"end":{"line":565,"column":52}},{"start":{"line":565,"column":56},"end":{"line":565,"column":84}}]},"59":{"loc":{"start":{"line":568,"column":4},"end":{"line":570,"column":5}},"type":"if","locations":[{"start":{"line":568,"column":4},"end":{"line":570,"column":5}}]},"60":{"loc":{"start":{"line":568,"column":8},"end":{"line":568,"column":82}},"type":"binary-expr","locations":[{"start":{"line":568,"column":8},"end":{"line":568,"column":40}},{"start":{"line":568,"column":44},"end":{"line":568,"column":82}}]},"61":{"loc":{"start":{"line":594,"column":4},"end":{"line":596,"column":5}},"type":"if","locations":[{"start":{"line":594,"column":4},"end":{"line":596,"column":5}}]},"62":{"loc":{"start":{"line":594,"column":8},"end":{"line":594,"column":66}},"type":"binary-expr","locations":[{"start":{"line":594,"column":8},"end":{"line":594,"column":43}},{"start":{"line":594,"column":47},"end":{"line":594,"column":66}}]},"63":{"loc":{"start":{"line":597,"column":4},"end":{"line":599,"column":5}},"type":"if","locations":[{"start":{"line":597,"column":4},"end":{"line":599,"column":5}}]},"64":{"loc":{"start":{"line":597,"column":8},"end":{"line":597,"column":82}},"type":"binary-expr","locations":[{"start":{"line":597,"column":8},"end":{"line":597,"column":40}},{"start":{"line":597,"column":44},"end":{"line":597,"column":82}}]},"65":{"loc":{"start":{"line":603,"column":4},"end":{"line":607,"column":5}},"type":"if","locations":[{"start":{"line":603,"column":4},"end":{"line":607,"column":5}},{"start":{"line":605,"column":11},"end":{"line":607,"column":5}}]},"66":{"loc":{"start":{"line":605,"column":11},"end":{"line":607,"column":5}},"type":"if","locations":[{"start":{"line":605,"column":11},"end":{"line":607,"column":5}}]},"67":{"loc":{"start":{"line":629,"column":4},"end":{"line":631,"column":5}},"type":"if","locations":[{"start":{"line":629,"column":4},"end":{"line":631,"column":5}}]},"68":{"loc":{"start":{"line":629,"column":8},"end":{"line":629,"column":83}},"type":"binary-expr","locations":[{"start":{"line":629,"column":8},"end":{"line":629,"column":41}},{"start":{"line":629,"column":45},"end":{"line":629,"column":83}}]},"69":{"loc":{"start":{"line":635,"column":4},"end":{"line":639,"column":5}},"type":"if","locations":[{"start":{"line":635,"column":4},"end":{"line":639,"column":5}},{"start":{"line":637,"column":11},"end":{"line":639,"column":5}}]},"70":{"loc":{"start":{"line":635,"column":8},"end":{"line":635,"column":49}},"type":"binary-expr","locations":[{"start":{"line":635,"column":9},"end":{"line":635,"column":23}},{"start":{"line":635,"column":28},"end":{"line":635,"column":49}}]},"71":{"loc":{"start":{"line":637,"column":11},"end":{"line":639,"column":5}},"type":"if","locations":[{"start":{"line":637,"column":11},"end":{"line":639,"column":5}}]},"72":{"loc":{"start":{"line":637,"column":15},"end":{"line":637,"column":59}},"type":"binary-expr","locations":[{"start":{"line":637,"column":16},"end":{"line":637,"column":30}},{"start":{"line":637,"column":35},"end":{"line":637,"column":59}}]},"73":{"loc":{"start":{"line":644,"column":19},"end":{"line":644,"column":50}},"type":"binary-expr","locations":[{"start":{"line":644,"column":19},"end":{"line":644,"column":38}},{"start":{"line":644,"column":42},"end":{"line":644,"column":50}}]},"74":{"loc":{"start":{"line":660,"column":4},"end":{"line":662,"column":5}},"type":"if","locations":[{"start":{"line":660,"column":4},"end":{"line":662,"column":5}}]},"75":{"loc":{"start":{"line":660,"column":8},"end":{"line":660,"column":66}},"type":"binary-expr","locations":[{"start":{"line":660,"column":8},"end":{"line":660,"column":43}},{"start":{"line":660,"column":47},"end":{"line":660,"column":66}}]},
[...]
e":648,"column":4},"end":{"line":648,"column":null}},"159":{"start":{"line":651,"column":2},"end":{"line":651,"column":null}},"160":{"start":{"line":694,"column":2},"end":{"line":694,"column":null}},"161":{"start":{"line":696,"column":2},"end":{"line":698,"column":3}},"162":{"start":{"line":697,"column":4},"end":{"line":697,"column":null}},"163":{"start":{"line":700,"column":17},"end":{"line":700,"column":74}},"164":{"start":{"line":701,"column":17},"end":{"line":701,"column":30}},"165":{"start":{"line":704,"column":24},"end":{"line":704,"column":68}},"166":{"start":{"line":704,"column":50},"end":{"line":704,"column":67}},"167":{"start":{"line":705,"column":2},"end":{"line":707,"column":3}},"168":{"start":{"line":706,"column":4},"end":{"line":706,"column":null}},"169":{"start":{"line":710,"column":31},"end":{"line":710,"column":33}},"170":{"start":{"line":711,"column":2},"end":{"line":717,"column":3}},"171":{"start":{"line":711,"column":15},"end":{"line":711,"column":32}},"172":{"start":{"line":712,"column":18},"end":{"line":712,"column":27}},"173":{"start":{"line":713,"column":4},"end":{"line":716,"column":5}},"174":{"start":{"line":715,"column":6},"end":{"line":715,"column":null}},"175":{"start":{"line":719,"column":2},"end":{"line":719,"column":null}}},"fnMap":{"0":{"name":"validateInput","decl":{"start":{"line":31,"column":9},"end":{"line":31,"column":22}},"loc":{"start":{"line":31,"column":60},"end":{"line":66,"column":1}}},"1":{"name":"scriptToHex","decl":{"start":{"line":74,"column":9},"end":{"line":74,"column":20}},"loc":{"start":{"line":74,"column":52},"end":{"line":76,"column":1}}},"2":{"name":"isP2PKH","decl":{"start":{"line":109,"column":16},"end":{"line":109,"column":23}},"loc":{"start":{"line":109,"column":63},"end":{"line":143,"column":1}}},"3":{"name":"isOrdinal","decl":{"start":{"line":182,"column":16},"end":{"line":182,"column":25}},"loc":{"start":{"line":182,"column":65},"end":{"line":202,"column":1}}},"4":{"name":"hasOrd","decl":{"start":{"line":241,"column":16},"end":{"line":241,"column":22}},"loc":{"start":{"line":241,"column":62},"end":{"line":254,"column":1}}},"5":{"name":"hasOpReturnData","decl":{"start":{"line":288,"column":16},"end":{"line":288,"column":31}},"loc":{"start":{"line":288,"column":71},"end":{"line":331,"column":1}}},"6":{"name":"(anonymous_6)","decl":{"start":{"line":323,"column":27},"end":{"line":323,"column":34}},"loc":{"start":{"line":323,"column":38},"end":{"line":323,"column":57}}},"7":{"name":"getScriptType","decl":{"start":{"line":370,"column":16},"end":{"line":370,"column":29}},"loc":{"start":{"line":370,"column":69},"end":{"line":404,"column":1}}},"8":{"name":"extractInscriptionData","decl":{"start":{"line":447,"column":16},"end":{"line":447,"column":38}},"loc":{"start":{"line":447,"column":78},"end":{"line":526,"column":1}}},"9":{"name":"(anonymous_9)","decl":{"start":{"line":482,"column":38},"end":{"line":482,"column":43}},"loc":{"start":{"line":482,"column":47},"end":{"line":482,"column":64}}},"10":{"name":"extractMapMetadata","decl":{"start":{"line":569,"column":16},"end":{"line":569,"column":34}},"loc":{"start":{"line":569,"column":74},"end":{"line":652,"column":1}}},"11":{"name":"(anonymous_11)","decl":{"start":{"line":581,"column":41},"end":{"line":581,"column":46}},"loc":{"start":{"line":581,"column":50},"end":{"line":581,"column":67}}},"12":{"name":"extractOpReturnData","decl":{"start":{"line":693,"column":16},"end":{"line":693,"column":35}},"loc":{"start":{"line":693,"column":75},"end":{"line":720,"column":1}}},"13":{"name":"(anonymous_13)","decl":{"start":{"line":704,"column":41},"end":{"line":704,"column":46}},"loc":{"start":{"line":704,"column":50},"end":{"line":704,"column":67}}}},"branchMap":{"0":{"loc":{"start":{"line":32,"column":2},"end":{"line":34,"column":3}},"type":"if","locations":[{"start":{"line":32,"column":2},"end":{"line":34,"column":3}}]},"1":{"loc":{"start":{"line":32,"column":6},"end":{"line":32,"column":43}},"type":"binary-expr","locations":[{"start":{"line":32,"column":6},"end":{"line":32,"column":20}},{"start":{"line":32,"column":24},"end":{"line":32,"column":43}}]},"2":{"loc":{"start":{"line":39,"column":2},"end":{"line":41,"column":3}},"type":"if","locations":[{"start":{"line":39,"column":2},"end":{"line":41,"column":3}}]},"3":{"loc":{"start":{"line":44,"column":2},"end":{"line":46,"column":3}},"type":"if","locations":[{"start":{"line":44,"column":2},"end":{"line":46,"column":3}}]},"4":{"loc":{"start":{"line":44,"column":6},"end":{"line":44,"column":54}},"type":"binary-expr","locations":[{"start":{"line":44,"column":6},"end":{"line":44,"column":28}},{"start":{"line":44,"column":32},"end":{"line":44,"column":54}}]},"5":{"loc":{"start":{"line":49,"column":2},"end":{"line":54,"column":3}},"type":"if","locations":[{"start":{"line":49,"column":2},"end":{"line":54,"column":3}}]},"6":{"loc":{"start":{"line":51,"column":4},"end":{"line":53,"column":5}},"type":"if","locations":[{"start":{"line":51,"column":4},"end":{"line":53,"column":5}}]},"7":{"loc":{"start":{"line":51,"column":8},"end":{"line":51,"column":86}},"type":"binary-expr","locations":[{"start":{"line":51,"column":8},"end":{"line":51,"column":45}},{"start":{"line":51,"column":49},"end":{"line":51,"column":86}}]},"8":{"loc":{"start":{"line":57,"column":2},"end":{"line":65,"column":3}},"type":"if","locations":[{"start":{"line":57,"column":2},"end":{"line":65,"column":3}}]},"9":{"loc":{"start":{"line":59,"column":4},"end":{"line":61,"column":5}},"type":"if","locations":[{"start":{"line":59,"column":4},"end":{"line":61,"column":5}}]},"10":{"loc":{"start":{"line":59,"column":8},"end":{"line":59,"column":53}},"type":"binary-expr","locations":[{"start":{"line":59,"column":8},"end":{"line":59,"column":22}},{"start":{"line":59,"column":26},"end":{"line":59,"column":53}}]},"11":{"loc":{"start":{"line":62,"column":4},"end":{"line":64,"column":5}},"type":"if","locations":[{"start":{"line":62,"column":4},"end":{"line":64,"column":5}}]},"12":{"loc":{"start":{"line":113,"column":16},"end":{"line":113,"column":70}},"type":"cond-expr","locations":[{"start":{"line":113,"column":44},"end":{"line":113,"column":49}},{"start":{"line":113,"column":52},"end":{"line":113,"column":70}}]},"13":{"loc":{"start":{"line":119,"column":4},"end":{"line":121,"column":5}},"type":"if","locations":[{"start":{"line":119,"column":4},"end":{"line":121,"column":5}}]},"14":{"loc":{"start":{"line":124,"column":4},"end":{"line":126,"column":5}},"type":"if","locations":[{"start":{"line":124,"column":4},"end":{"line":126,"column":5}}]},"15":{"loc":{"start":{"line":130,"column":4},"end":{"line":132,"column":5}},"type":"if","locations":[{"start":{"line":130,"column":4},"end":{"line":132,"column":5}}]},"16":{"loc":{"start":{"line":135,"column":4},"end":{"line":137,"column":5}},"type":"if","locations":[{"start":{"line":135,"column":4},"end":{"line":137,"column":5}}]},"17":{"loc":{"start":{"line":186,"column":16},"end":{"line":186,"column":70}},"type":"cond-expr","locations":[{"start":{"line":186,"column":44},"end":{"line":186,"column":49}},{"start":{"line":186,"column":52},"end":{"line":186,"column":70}}]},"18":{"loc":{"start":{"line":189,"column":4},"end":{"line":191,"column":5}},"type":"if","locations":[{"start":{"line":189,"column":4},"end":{"line":191,"column":5}}]},"19":{"loc":{"start":{"line":245,"column":16},"end":{"line":245,"column":70}},"type":"cond-expr","locations":[{"start":{"line":245,"column":44},"end":{"line":245,"column":49}},{"start":{"line":245,"column":52},"end":{"line":245,"column":70}}]},"20":{"loc":{"start":{"line":292,"column":4},"end":{"line":327,"column":5}},"type":"if","locations":[{"start":{"line":292,"column":4},"end":{"line":327,"column":5}},{"start":{"line":324,"column":11},"end":{"line":327,"column":5}}]},"21":{"loc":{"start":{"line":300,"column":8},"end":{"line":302,"column":9}},"type":"if","locations":[{"start":{"line":300,"column":8},"end":{"line":302,"column":9}}]},"22":{"loc":{"start":{"line":310,"column":6},"end":{"line":312,"column":7}},"type":"if","locations":[{"start":{"line":310,"column":6},"end":{"line":312,"column":7}}]},"23":{"loc":{"start":{"line":377,"column":4},"end":{"line":379,"column":5}},"type":"if","locations":[{"start":{"line":377,"column":4},"end":{"line":379,"column":5}}]},"24":{"loc":{"start":{"line":377,"column":8},"end":{"line":377,"column":71}},"type":"cond-expr","locations":[{"start":{"line":377,"column":36},"end":{"line":377,"column":52}},{"start":{"line":377,"column":55},"end":{"line":377,"column":71}}]},"25":{"loc":{"start":{"line":382,"column":4},"end":{"line":384,"column":5}},"type":"if","locations":[{"start":{"line":382,"column":4},"end":{"line":384,"column":5}}]},"26":{"loc":{"start":{"line":382,"column":8},"end":{"line":382,"column":67}},"type":"cond-expr","locations":[{"start":{"line":382,"column":36},"end":{"line":382,"column":50}},{"start":{"line":382,"column":53},"end":{"line":382,"column":67}}]},"27":{"loc":{"start":{"line":388,"column":4},"end":{"line":397,"column":5}},"type":"if","locations":[{"start":{"line":388,"column":4},"end":{"line":397,"column":5}}]},"28":{"loc":{"start":{"line":388,"column":8},"end":{"line":388,"column":83}},"type":"cond-expr","locations":[{"start":{"line":388,"column":36},"end":{"line":388,"column":58}},{"start":{"line":388,"column":61},"end":{"line":388,"column":83}}]},"29":{"loc":{"start":{"line":391,"column":18},"end":{"line":391,"column":72}},"type":"cond-expr","locations":[{"start":{"line":391,"column":46},"end":{"line":391,"column":51}},{"start":{"line":391,"column":54},"end":{"line":391,"column":72}}]},"30":{"loc":{"start":{"line":394,"column":6},"end":{"line":396,"column":7}},"type":"if","locations":[{"start":{"line":394,"column":6},"end":{"line":396,"column":7}}]},"31":{"loc":{"start":{"line":451,"column":17},"end":{"line":451,"column":74}},"type":"cond-expr","locations":[{"start":{"line":451,"column":45},"end":{"line":451,"column":66}},{"start":{"line":451,"column":69},"end":{"line":451,"column":74}}]},"32":{"loc":{"start":{"line":455,"column":2},"end":{"line":457,"column":3}},"type":"if","locations":[{"start":{"line":455,"column":2},"end":{"line":457,"column":3}}]},"33":{"loc":{"start":{"line":455,"column":6},"end":{"line":455,"column":65}},"type":"cond-expr","locations":[{"start":{"line":455,"column":34},"end":{"line":455,"column":48}},{"start":{"line":455,"column":51},"end":{"line":455,"column":65}}]},"34":{"loc":{"start":{"line":483,"column":2},"end":{"line":485,"column":3}},"type":"if","locations":[{"start":{"line":483,"column":2},"end":{"line":485,"column":3}}]},"35":{"loc":{"start":{"line":490,"column":2},"end":{"line":520,"column":3}},"type":"if","locations":[{"start":{"line":490,"column":2},"end":{"line":520,"column":3}},{"start":{"line":510,"column":9},"end":{"line":520,"column":3}}]},"36":{"loc":{"start":{"line":493,"column":4},"end":{"line":495,"column":5}},"type":"if","locations":[{"start":{"line":493,"column":4},"end":{"line":495,"column":5}}]},"37":{"loc":{"start":{"line":493,"column":8},"end":{"line":493,"column":98}},"type":"binary-expr","locations":[{"start":{"line":493,"column":8},"end":{"line":493,"column":25}},{"start":{"line":493,"column":30},"end":{"line":493,"column":59}},{"start":{"line":493,"column":64},"end":{"line":493,"column":98}}]},"38":{"loc":{"start":{"line":500,"column":22},"end":{"line":500,"column":76}},"type":"cond-expr","locations":[{"start":{"line":500,"column":47},"end":{"line":500,"column":60}},{"start":{"line":500,"column":63},"end":{"line":500,"column":76}}]},"39":{"loc":{"start":{"line":506,"column":4},"end":{"line":508,"column":5}},"type":"if","locations":[{"start":{"line":506,"column":4},"end":{"line":508,"column":5}}]},"40":{"loc":{"start":{"line":506,"column":8},"end":{"line":506,"column":77}},"type":"binary-expr","locations":[{"start":{"line":506,"column":8},"end":{"line":506,"column":18}},{"start":{"line":506,"column":23},"end":{"line":506,"column":45}},{"start":{"line":506,"column":50},"end":{"line":506,"column":77}}]},"41":{"loc":{"start":{"line":510,"column":9},"end":{"line":520,"column":3}},"type":"if","locations":[{"start":{"line":510,"column":9},"end":{"line":520,"column":3}},{"start":{"line":518,"column":9},"end":{"line":520,"column":3}}]},"42":{"loc":{"start":{"line":513,"column":4},"end":{"line":515,"column":5}},"type":"if","locations":[{"start":{"line":513,"column":4},"end":{"line":515,"column":5}}]},"43":{"loc":{"start":{"line":513,"column":8},"end":{"line":513,"column":77}},"type":"binary-expr","locations":[{"start":{"line":513,"column":8},"end":{"line":513,"column":18}},{"start":{"line":513,"column":23},"end":{"line":513,"column":45}},{"start":{"line":513,"column":50},"end":{"line":513,"column":77}}]},"44":{"loc":{"start":{"line":573,"column":2},"end":{"line":575,"column":3}},"type":"if","locations":[{"start":{"line":573,"column":2},"end":{"line":575,"column":3}}]},"45":{"loc":{"start":{"line":573,"column":6},"end":{"line":573,"column":83}},"type":"cond-expr","locations":[{"start":{"line":573,"column":34},"end":{"line":573,"column":57}},{"start":{"line":573,"column":60},"end":{"line":573,"column":83}}]},"46":{"loc":{"start":{"line":577,"column":17},"end":{"line":577,"column":74}},"type":"cond-expr","locations":[{"start":{"line":577,"column":45},"end":{"line":577,"column":66}},{"start":{"line":577,"column":69},"end":{"line":577,"column":74}}]},"47":{"loc":{"start":{"line":582,"column":2},"end":{"line":584,"column":3}},"type":"if","locations":[{"start":{"line":582,"column":2},"end":{"line":584,"column":3}}]},"48":{"loc":{"start":{"line":588,"column":2},"end":{"line":590,"column":3}},"type":"if","locations":[{"start":{"line":588,"column":2},"end":{"line":590,"column":3}}]},"49":{"loc":{"start":{"line":588,"column":6},"end":{"line":588,"column":81}},"type":"binary-expr","locations":[{"start":{"line":588,"column":6},"end":{"line":588,"column":18}},{"start":{"line":588,"column":23},"end":{"line":588,"column":47}},{"start":{"line":588,"column":52},"end":{"line":588,"column":81}}]},"50":{"loc":{"start":{"line":596,"column":20},"end":{"line":596,"column":74}},"type":"cond-expr","locations":[{"start":{"line":596,"column":45},"end":{"line":596,"column":58}},{"start":{"line":596,"column":61},"end":{"line":596,"column":74}}]},"51":{"loc":{"start":{"line":600,"column":2},"end":{"line":602,"column":3}},"type":"if","locations":[{"start":{"line":600,"column":2},"end":{"line":602,"column":3}}]},"52":{"loc":{"start":{"line":606,"column":2},"end":{"line":608,"column":3}},"type":"if","locations":[{"start":{"line":606,"column":2},"end":{"line":608,"column":3}}]},"53":{"loc":{"start":{"line":606,"column":6},"end":{"line":606,"column":72}},"type":"binary-expr","locations":[{"start":{"line":606,"column":6},"end":{"line":606,"column":15}},{"start":{"line":606,"column":20},"end":{"line":606,"column":41}},{"start":{"line":606,"column":46},"end":{"line":606,"column":72}}]},"54":{"loc":{"start":{"line":614,"column":20},"end":{"line":614,"column":74}},"type":"cond-expr","locations":[{"start":{"line":614,"column":45},"end":{"line":614,"column":58}},{"start":{"line":614,"column":61},"end":{"line":614,"column":74}}]},"55":{"loc":{"start":{"line":618,"column":2},"end":{"line":620,"column":3}},"type":"if","locations":[{"start":{"line":618,"column":2},"end":{"line":620,"column":3}}]},"56":{"loc":{"start":{"line":630,"column":4},"end":{"line":632,"column":5}},"type":"if","locations":[{"start":{"line":630,"column":4},"end":{"line":632,"column":5}}]},"57":{"loc":{"start":{"line":630,"column":8},"end":{"line":630,"column":66}},"type":"binary-expr","locations":[{"start":{"line":630,"column":9},"end":{"line":630,"column":33}},{"start":{"line":630,"column":39},"end":{"line":630,"column":65}}]},"58":{"loc":{"start":{"line":639,"column":22},"end":{"line":639,"column":76}},"type":"cond-expr","locations":[{"start":{"line":639,"column":47},"end":{"line":639,"column":60}},{"start":{"line":639,"column":63},"end":{"line":639,"column":76}}]},"59":{"loc":{"start":{"line":647,"column":2},"end":{"line":649,"column":3}},"type":"if","locations":[{"start":{"line":647,"column":2},"end":{"line":649,"column":3}}]},"60":{"loc":{"start":{"line":647,"column":6},"end":{"line":647,"column":37}},"type":"binary-expr","locations":[{"start":{"line":647,"column":6},"end":{"line":647,"column":19}},{"start":{"line":647,"column":23},"end":{"line":647,"column":37}}]},"61":{"loc":{"start":{"line":696,"column":2},"end":{"line":698,"column":3}},"type":"if","locations":[{"start":{"line":696,"column":2},"end":{"line":698,"column":3}}]},"62":{"loc":{"start":{"line":696,"column":6},"end":{"line":696,"column":83}},"type":"cond-expr","locations":[{"start":{"line":696,"column":34},"end":{"line":696,"column":57}},{"start":{"line":696,"column":60},"end":{"line":696,"column":83}}]},"63":{"loc":{"start":{"line":700,"column":17},"end":{"line":700,"column":74}},"type":"cond-expr","locations":[{"start":{"line":700,"column":45},"end":{"line":700,"column":66}},{"start":{"line":700,"column":69},"end":{"line":700,"column":74}}]},"64":{"loc":{"start":{"line":705,"column":2},"end":{"line":707,"column":3}},"type":"if","locations":[{"start":{"line":705,"column":2},"end":{"line":707,"column":3}}]},"65":{"loc":{"start":{"line":713,"column":4},"end":{"line":716,"column":5}},"type":"if","locations":[{"start":{"line":713,"column":4},"end":{"line":716,"column":5}}]},"66":{"loc":{"start":{"line":713,"column":8},"end":{"line":713,"column":53}},"type":"binary-expr","locations":[{"start":{"line":713,"column":9},"end":{"line":713,"column":27}},{"start":{"line":713,"column":32},"end":{"line":713,"column":53}}]},"67":{"loc":{"start":{"line":719,"column":9},"end":{"line":719,"column":50}},"type":"cond-expr","locations":[{"start":{"line":719,"column":33},"end":{"line":719,"column":43}},{"start":{"line":719,"column":46},"end":{"line":719,"column":50}}]}},"s":{"0":2,"1":2,"2":2,"3":2,"4":2,"5":2,"6":2,"7":2,"8":2,"9":2,"10":2,"11":126,"12":10,"13":116,"14":116,"15":4,"16":112,"17":4,"18":108,"19":58,"20":58,"21":2,"22":106,"23":50,"24":50,"25":1,"26":49,"27":1,"28":30,"29":25,"30":17,"31":17,"32":17,"33":17,"34":17,"35":13,"36":4,"37":0,"38":4,"39":4,"40":0,"41":4,"42":0,"43":4,"44":0,"45":19,"46":16,"47":16,"48":16,"49":10,"50":6,"51":6,"52":6,"53":0,"54":37,"55":34,"56":34,"57":34,"58":34,"59":0,"60":26,"61":22,"62":22,"63":8,"64":8,"65":8,"66":8,"67":0,"68":8,"69":1,"70":7,"71":7,"72":19,"73":14,"74":0,"75":5,"76":4,"77":4,"78":1,"79":3,"80":1,"81":2,"82":1,"83":1,"84":1,"85":1,"86":0,"87":6,"88":5,"89":5,"90":5,"91":1,"92":4,"93":31,"94":4,"95":1,"96":3,"97":1,"98":1,"99":0,"100":1,"101":1,"102":0,"103":0,"104":1,"105":1,"106":0,"107":1,"108":2,"109":1,"110":1,"111":0,"112":1,"113":1,"114":1,"115":2,"116":4,"117":3,"118":1,"119":2,"120":2,"121":2,"122":12,"123":2,"124":0,"125":2,"126":2,"127":0,"128":2,"129":2,"130":0,"131":0,"132":2,"133":1,"134":1,"135":1,"136":0,"137":1,"138":1,"139":0,"140":0,"141":1,"142":0,"143":1,"144":1,"145":1,"146":2,"147":2,"148":2,"149":0,"150":2,"151":2,"152":2,"153":2,"154":0,"155":0,"156":2,"157":1,"158":0,"159":1,"160":4,"161":3,"162":1,"163":2,"164":2,"165":2,"166":12,"167":2,"168":0,"169":2,"170":2,"171":2,"172":3,"173":3,"174":3,"175":2},"f":{"0":126,"1":30,"2":25,"3":19,"4":37,"5":26,"6":19,"7":5,"8":6,"9":31,"10":4,"11":12,"12":4,"13":12},"b":{"0":[10],"1":[126,118],"2":[4],"3":[4],"4":[112,62],"5":[58],"6":[2],"7":[58,56],"8":[50],"9":[1],"10":[50,40],"11":[1],"12":[8,9],"13":[13],"14":[0],"15":[0],"16":[0],"17":[8,8],"18":[10],"19":[22,12],"20":[8,14],"21":[0],"22":[1],"23":[1],"24":[2,2],"25":[1],"26":[1,2],"27":[1],"28":[1,1],"29":[0,1],"30":[1],"31":[0,5],"32":[1],"33":[0,5],"34":[1],"35":[1,2],"36":[0],"37":[1,1,1],"38":[0,0],"39":[0],"40":[1,1,1],"41":[1,1],"42":[0],"43":[1,1,1],"44":[1],"45":[0,3],"46":[0,2],"47":[0],"48":[0],"49":[2,2,2],"50":[0,0],"51":[1],"52":[0],"53":[1,1,1],"54":[0,0],"55":[0],"56":[0],"57":[2,2],"58":[0,0],"59":[0],"60":[1,1],"61":[1],"62":[0,3],"63":[0,2],"64":[0],"65":[3],"66":[3,3],"67":[2,0]}}
}
