TN:
SF:src/index.ts
FN:3,(anonymous_0)
FN:4,(anonymous_1)
FN:19,(anonymous_2)
FN:20,(anonymous_3)
FN:21,(anonymous_4)
FN:48,(anonymous_5)
FN:49,(anonymous_6)
FN:50,(anonymous_7)
FN:51,(anonymous_8)
FN:53,(anonymous_9)
FN:54,(anonymous_10)
FN:55,(anonymous_11)
FN:56,(anonymous_12)
FN:58,(anonymous_13)
FN:59,(anonymous_14)
FN:60,(anonymous_15)
FN:61,(anonymous_16)
FNF:17
FNH:0
FNDA:0,(anonymous_0)
FNDA:0,(anonymous_1)
FNDA:0,(anonymous_2)
FNDA:0,(anonymous_3)
FNDA:0,(anonymous_4)
FNDA:0,(anonymous_5)
FNDA:0,(anonymous_6)
FNDA:0,(anonymous_7)
FNDA:0,(anonymous_8)
FNDA:0,(anonymous_9)
FNDA:0,(anonymous_10)
FNDA:0,(anonymous_11)
FNDA:0,(anonymous_12)
FNDA:0,(anonymous_13)
FNDA:0,(anonymous_14)
FNDA:0,(anonymous_15)
FNDA:0,(anonymous_16)
DA:2,0
DA:3,0
DA:4,0
DA:18,0
DA:19,0
DA:20,0
DA:21,0
DA:47,0
DA:48,0
DA:49,0
DA:50,0
DA:51,0
DA:53,0
DA:54,0
DA:55,0
DA:56,0
DA:58,0
DA:59,0
DA:60,0
DA:61,0
LF:20
LH:0
BRF:0
BRH:0
end_of_record
TN:
SF:src/script-templates/index.ts
FN:1,(anonymous_1)
FN:2,(anonymous_2)
FNF:2
FNH:0
FNDA:0,(anonymous_1)
FNDA:0,(anonymous_2)
DA:1,0
DA:2,0
LF:2
LH:0
BRF:0
BRH:0
end_of_record
TN:
SF:src/script-templates/ordinal.ts
FN:34,(anonymous_1)
FN:52,(anonymous_2)
FN:77,(anonymous_3)
FN:139,(anonymous_4)
FN:156,(anonymous_5)
FNF:5
FNH:5
FNDA:32,(anonymous_1)
FNDA:12,(anonymous_2)
FNDA:11,(anonymous_3)
FNDA:2,(anonymous_4)
FNDA:10,(anonymous_5)
DA:1,2
DA:12,2
DA:13,2
DA:34,2
DA:35,32
DA:44,2
DA:53,12
DA:79,11
DA:80,0
DA:84,11
DA:85,4
DA:86,0
DA:88,4
DA:89,0
DA:91,4
DA:92,0
DA:97,11
DA:98,4
DA:99,0
DA:101,4
DA:102,0
DA:104,4
DA:105,1
DA:112,10
DA:113,0
DA:114,10
DA:115,7
DA:116,3
DA:117,3
DA:119,0
DA:123,10
DA:143,2
DA:156,2
DA:162,10
DA:165,10
DA:166,4
DA:167,4
DA:168,4
DA:169,4
DA:170,0
DA:172,4
DA:173,4
DA:174,0
DA:176,4
DA:180,10
DA:183,10
DA:184,0
DA:187,10
DA:188,3
DA:189,3
DA:190,3
DA:192,3
DA:193,9
DA:194,9
DA:201,10
LF:55
LH:44
BRDA:79,0,0,0
BRDA:79,1,0,11
BRDA:79,1,1,11
BRDA:84,2,0,4
BRDA:85,3,0,0
BRDA:85,4,0,4
BRDA:85,4,1,4
BRDA:88,5,0,0
BRDA:88,6,0,4
BRDA:88,6,1,4
BRDA:91,7,0,0
BRDA:91,8,0,4
BRDA:91,8,1,4
BRDA:97,9,0,4
BRDA:98,10,0,0
BRDA:98,11,0,4
BRDA:98,11,1,4
BRDA:101,12,0,0
BRDA:101,13,0,4
BRDA:101,13,1,4
BRDA:104,14,0,1
BRDA:104,15,0,4
BRDA:104,15,1,3
BRDA:112,16,0,0
BRDA:112,16,1,10
BRDA:114,17,0,7
BRDA:114,17,1,3
BRDA:116,18,0,3
BRDA:116,18,1,0
BRDA:160,19,0,10
BRDA:165,20,0,4
BRDA:165,21,0,10
BRDA:165,21,1,4
BRDA:169,22,0,0
BRDA:173,23,0,0
BRDA:180,24,0,4
BRDA:180,24,1,6
BRDA:180,25,0,0
BRDA:180,25,1,4
BRDA:183,26,0,0
BRDA:183,27,0,10
BRDA:183,27,1,3
BRDA:183,27,2,3
BRDA:187,28,0,3
BRDA:187,29,0,10
BRDA:187,29,1,3
BRDA:190,30,0,3
BRDA:190,30,1,0
BRDA:193,31,0,9
BRF:49
BRH:36
end_of_record
TN:
SF:src/script-templates/p2pkh.ts
FN:29,validateWalletDerivationParams
FN:68,(anonymous_1)
FN:93,(anonymous_2)
FN:162,(anonymous_3)
FN:199,(anonymous_4)
FN:236,(anonymous_5)
FNF:6
FNH:6
FNDA:6,validateWalletDerivationParams
FNDA:45,(anonymous_1)
FNDA:42,(anonymous_2)
FNDA:7,(anonymous_3)
FNDA:5,(anonymous_4)
FNDA:7,(anonymous_5)
DA:1,3
DA:16,3
DA:30,6
DA:31,0
DA:33,6
DA:34,0
DA:36,6
DA:37,0
DA:39,6
DA:40,0
DA:42,6
DA:43,0
DA:45,6
DA:46,0
DA:49,6
DA:50,0
DA:60,3
DA:69,45
DA:95,42
DA:96,0
DA:102,42
DA:104,2
DA:105,40
DA:107,33
DA:108,33
DA:109,7
DA:111,6
DA:113,6
DA:114,0
DA:116,6
DA:117,6
DA:122,6
DA:123,6
DA:125,1
DA:129,41
DA:130,1
DA:134,40
DA:166,7
DA:167,0
DA:171,7
DA:172,7
DA:173,7
DA:174,7
DA:175,7
DA:176,7
DA:177,7
DA:180,7
DA:181,0
DA:183,7
DA:184,0
DA:186,7
DA:187,0
DA:189,7
DA:190,0
DA:192,7
DA:193,0
DA:196,7
DA:198,7
DA:201,5
DA:204,5
DA:212,5
DA:219,5
DA:220,5
DA:227,5
DA:228,5
DA:231,5
DA:239,7
LF:67
LH:52
BRDA:29,0,0,0
BRDA:30,1,0,0
BRDA:30,2,0,6
BRDA:30,2,1,6
BRDA:33,3,0,0
BRDA:36,4,0,0
BRDA:36,5,0,6
BRDA:36,5,1,6
BRDA:39,6,0,0
BRDA:39,7,0,6
BRDA:39,7,1,6
BRDA:42,8,0,0
BRDA:42,9,0,6
BRDA:42,9,1,6
BRDA:45,10,0,0
BRDA:49,11,0,0
BRDA:49,12,0,6
BRDA:49,12,1,6
BRDA:95,13,0,0
BRDA:95,14,0,42
BRDA:95,14,1,42
BRDA:102,15,0,2
BRDA:102,15,1,40
BRDA:105,16,0,33
BRDA:105,16,1,7
BRDA:109,17,0,6
BRDA:109,17,1,1
BRDA:113,18,0,0
BRDA:116,19,0,0
BRDA:129,20,0,1
BRDA:129,21,0,41
BRDA:129,21,1,41
BRDA:166,22,0,0
BRDA:171,23,0,7
BRDA:171,23,1,0
BRDA:172,24,0,7
BRDA:172,24,1,0
BRDA:173,25,0,7
BRDA:173,25,1,0
BRDA:174,26,0,7
BRDA:174,26,1,6
BRDA:175,27,0,7
BRDA:175,27,1,6
BRDA:180,28,0,0
BRDA:180,29,0,7
BRDA:180,29,1,7
BRDA:183,30,0,0
BRDA:186,31,0,0
BRDA:186,32,0,7
BRDA:186,32,1,7
BRDA:189,33,0,0
BRDA:192,34,0,0
BRF:52
BRH:32
end_of_record
TN:
SF:src/script-templates/types/index.ts
FNF:0
FNH:0
DA:1,0
LF:1
LH:0
BRF:0
BRH:0
end_of_record
TN:
SF:src/transaction-builder/index.ts
FN:1,(anonymous_0)
FN:1,(anonymous_1)
FN:1,(anonymous_2)
FNF:3
FNH:0
FNDA:0,(anonymous_0)
FNDA:0,(anonymous_1)
FNDA:0,(anonymous_2)
DA:1,0
LF:1
LH:0
BRF:0
BRH:0
end_of_record
TN:
SF:src/transaction-builder/transaction.ts
FN:42,(anonymous_1)
FN:53,(anonymous_2)
FN:67,(anonymous_3)
FN:77,(anonymous_4)
FN:87,(anonymous_5)
FN:97,(anonymous_6)
FN:107,(anonymous_7)
FN:117,(anonymous_8)
FN:127,(anonymous_9)
FN:137,(anonymous_10)
FN:147,(anonymous_11)
FN:157,(anonymous_12)
FN:170,(anonymous_13)
FN:181,(anonymous_14)
FN:195,(anonymous_15)
FN:209,(anonymous_16)
FN:223,(anonymous_17)
FN:233,(anonymous_18)
FN:243,(anonymous_19)
FN:253,(anonymous_20)
FN:263,(anonymous_21)
FN:273,(anonymous_22)
FN:283,(anonymous_23)
FN:293,(anonymous_24)
FN:307,(anonymous_25)
FN:317,(anonymous_26)
FN:327,(anonymous_27)
FN:353,(anonymous_28)
FN:367,(anonymous_29)
FN:381,(anonymous_30)
FN:463,(anonymous_31)
FN:508,(anonymous_32)
FN:551,(anonymous_33)
FN:592,(anonymous_34)
FN:627,(anonymous_35)
FN:658,(anonymous_36)
FN:698,(anonymous_37)
FN:732,(anonymous_38)
FN:739,(anonymous_39)
FN:951,(anonymous_40)
FN:1036,(anonymous_41)
FN:1039,(anonymous_42)
FN:1088,(anonymous_43)
FN:1168,(anonymous_44)
FNF:44
FNH:15
FNDA:0,(anonymous_1)
FNDA:0,(anonymous_2)
FNDA:0,(anonymous_3)
FNDA:0,(anonymous_4)
FNDA:0,(anonymous_5)
FNDA:0,(anonymous_6)
FNDA:0,(anonymous_7)
FNDA:0,(anonymous_8)
FNDA:0,(anonymous_9)
FNDA:0,(anonymous_10)
FNDA:0,(anonymous_11)
FNDA:0,(anonymous_12)
FNDA:44,(anonymous_13)
FNDA:10,(anonymous_14)
FNDA:0,(anonymous_15)
FNDA:0,(anonymous_16)
FNDA:9,(anonymous_17)
FNDA:2,(anonymous_18)
FNDA:0,(anonymous_19)
FNDA:0,(anonymous_20)
FNDA:0,(anonymous_21)
FNDA:0,(anonymous_22)
FNDA:1,(anonymous_23)
FNDA:0,(anonymous_24)
FNDA:3,(anonymous_25)
FNDA:12,(anonymous_26)
FNDA:0,(anonymous_27)
FNDA:58,(anonymous_28)
FNDA:2,(anonymous_29)
FNDA:27,(anonymous_30)
FNDA:0,(anonymous_31)
FNDA:0,(anonymous_32)
FNDA:0,(anonymous_33)
FNDA:35,(anonymous_34)
FNDA:10,(anonymous_35)
FNDA:0,(anonymous_36)
FNDA:3,(anonymous_37)
FNDA:16,(anonymous_38)
FNDA:19,(anonymous_39)
FNDA:0,(anonymous_40)
FNDA:0,(anonymous_41)
FNDA:0,(anonymous_42)
FNDA:0,(anonymous_43)
FNDA:0,(anonymous_44)
DA:1,1
DA:15,1
DA:16,1
DA:18,1
DA:19,1
DA:20,1
DA:21,1
DA:41,1
DA:43,0
DA:44,0
DA:54,0
DA:55,0
DA:57,0
DA:58,0
DA:68,0
DA:78,0
DA:88,0
DA:98,0
DA:108,0
DA:118,0
DA:128,0
DA:138,0
DA:148,0
DA:158,0
DA:169,1
DA:171,44
DA:172,44
DA:182,10
DA:183,2
DA:185,8
DA:186,8
DA:196,0
DA:197,0
DA:199,0
DA:200,0
DA:210,0
DA:211,0
DA:213,0
DA:214,0
DA:224,9
DA:234,2
DA:244,0
DA:254,0
DA:264,0
DA:274,0
DA:284,1
DA:294,0
DA:295,0
DA:297,0
DA:298,0
DA:308,3
DA:318,12
DA:328,0
DA:340,1
DA:343,58
DA:344,58
DA:345,58
DA:354,58
DA:355,1
DA:357,57
DA:358,57
DA:368,2
DA:369,1
DA:371,1
DA:372,1
DA:382,27
DA:383,1
DA:387,26
DA:388,1
DA:390,25
DA:391,1
DA:393,24
DA:394,1
DA:396,23
DA:397,1
DA:399,22
DA:400,1
DA:404,21
DA:405,4
DA:406,4
DA:407,2
DA:412,19
DA:413,3
DA:414,1
DA:416,2
DA:417,3
DA:418,1
DA:423,17
DA:424,3
DA:425,1
DA:427,2
DA:428,3
DA:429,1
DA:434,15
DA:435,3
DA:436,1
DA:438,2
DA:439,2
DA:440,1
DA:445,13
DA:446,13
DA:465,0
DA:466,0
DA:468,0
DA:469,0
DA:471,0
DA:472,0
DA:474,0
DA:475,0
DA:478,0
DA:490,0
DA:491,0
DA:510,0
DA:511,0
DA:513,0
DA:514,0
DA:516,0
DA:517,0
DA:519,0
DA:520,0
DA:523,0
DA:535,0
DA:536,0
DA:553,0
DA:554,0
DA:556,0
DA:557,0
DA:559,0
DA:560,0
DA:562,0
DA:563,0
DA:565,0
DA:566,0
DA:568,0
DA:569,0
DA:572,0
DA:582,0
DA:583,0
DA:594,35
DA:595,1
DA:597,34
DA:598,1
DA:603,33
DA:604,30
DA:605,3
DA:606,2
DA:610,33
DA:617,33
DA:618,33
DA:629,10
DA:630,1
DA:635,9
DA:636,7
DA:637,2
DA:638,1
DA:642,9
DA:648,9
DA:649,9
DA:660,0
DA:661,0
DA:663,0
DA:664,0
DA:669,0
DA:670,0
DA:671,0
DA:672,0
DA:676,0
DA:685,0
DA:686,0
DA:700,3
DA:701,1
DA:703,2
DA:704,0
DA:706,2
DA:707,0
DA:710,2
DA:717,2
DA:718,2
DA:734,16
DA:735,1
DA:739,19
DA:740,15
DA:741,1
DA:745,14
DA:748,14
DA:751,14
DA:754,14
DA:757,14
DA:758,0
DA:763,0
DA:767,0
DA:770,0
DA:773,0
DA:780,0
DA:784,0
DA:785,0
DA:788,0
DA:793,0
DA:796,0
DA:799,0
DA:800,0
DA:807,0
DA:813,0
DA:814,0
DA:818,14
DA:821,14
DA:824,14
DA:825,18
DA:829,18
DA:831,18
DA:832,18
DA:835,18
DA:836,0
DA:837,0
DA:844,0
DA:845,0
DA:853,18
DA:855,1
DA:858,17
DA:860,18
DA:863,0
DA:864,0
DA:867,0
DA:868,0
DA:869,0
DA:876,0
DA:877,0
DA:885,0
DA:887,0
DA:894,0
DA:900,0
DA:904,0
DA:905,0
DA:909,0
DA:910,0
DA:913,0
DA:914,0
DA:915,0
DA:922,0
DA:923,0
DA:931,0
DA:933,0
DA:936,0
DA:938,0
DA:941,0
DA:946,18
DA:947,4
DA:951,18
DA:954,18
DA:956,0
DA:961,0
DA:963,0
DA:966,0
DA:968,18
DA:970,0
DA:974,18
DA:976,0
DA:981,0
DA:984,0
DA:990,0
DA:991,0
DA:994,0
DA:995,0
DA:997,0
DA:1000,18
DA:1006,18
DA:1007,0
DA:1010,18
DA:1011,0
DA:1015,18
DA:1020,18
DA:1021,18
DA:1026,14
DA:1033,14
DA:1035,0
DA:1036,0
DA:1037,0
DA:1039,0
DA:1040,0
DA:1042,0
DA:1048,0
DA:1056,0
DA:1057,0
DA:1060,0
DA:1061,0
DA:1063,0
DA:1065,0
DA:1067,0
DA:1068,0
DA:1072,0
DA:1073,0
DA:1077,0
DA:1083,0
DA:1084,0
DA:1087,0
DA:1088,0
DA:1089,0
DA:1090,0
DA:1092,0
DA:1097,14
DA:1106,14
DA:1107,4
DA:1111,10
DA:1114,10
DA:1115,10
DA:1122,0
DA:1123,0
DA:1126,0
DA:1127,0
DA:1131,0
DA:1132,0
DA:1133,0
DA:1134,0
DA:1138,0
DA:1141,0
DA:1142,0
DA:1143,0
DA:1144,0
DA:1145,0
DA:1147,0
DA:1151,0
DA:1156,0
DA:1169,0
LF:323
LH:137
BRDA:54,0,0,0
BRDA:182,1,0,2
BRDA:182,2,0,10
BRDA:182,2,1,9
BRDA:196,3,0,0
BRDA:196,4,0,0
BRDA:196,4,1,0
BRDA:210,5,0,0
BRDA:210,6,0,0
BRDA:210,6,1,0
BRDA:294,7,0,0
BRDA:354,8,0,1
BRDA:368,9,0,1
BRDA:382,10,0,1
BRDA:382,11,0,27
BRDA:382,11,1,27
BRDA:387,12,0,1
BRDA:387,13,0,26
BRDA:387,13,1,2
BRDA:390,14,0,1
BRDA:390,15,0,25
BRDA:390,15,1,2
BRDA:393,16,0,1
BRDA:393,17,0,24
BRDA:393,17,1,2
BRDA:396,18,0,1
BRDA:396,19,0,23
BRDA:396,19,1,2
BRDA:399,20,0,1
BRDA:399,21,0,22
BRDA:399,21,1,6
BRDA:404,22,0,4
BRDA:406,23,0,2
BRDA:406,24,0,4
BRDA:406,24,1,3
BRDA:412,25,0,3
BRDA:413,26,0,1
BRDA:417,27,0,1
BRDA:423,28,0,3
BRDA:424,29,0,1
BRDA:428,30,0,1
BRDA:434,31,0,3
BRDA:435,32,0,1
BRDA:439,33,0,1
BRDA:465,34,0,0
BRDA:465,35,0,0
BRDA:465,35,1,0
BRDA:468,36,0,0
BRDA:471,37,0,0
BRDA:471,38,0,0
BRDA:471,38,1,0
BRDA:474,39,0,0
BRDA:474,40,0,0
BRDA:474,40,1,0
BRDA:484,41,0,0
BRDA:484,41,1,0
BRDA:485,42,0,0
BRDA:485,42,1,0
BRDA:510,43,0,0
BRDA:510,44,0,0
BRDA:510,44,1,0
BRDA:513,45,0,0
BRDA:516,46,0,0
BRDA:516,47,0,0
BRDA:516,47,1,0
BRDA:519,48,0,0
BRDA:519,49,0,0
BRDA:519,49,1,0
BRDA:529,50,0,0
BRDA:529,50,1,0
BRDA:530,51,0,0
BRDA:530,51,1,0
BRDA:553,52,0,0
BRDA:556,53,0,0
BRDA:559,54,0,0
BRDA:559,55,0,0
BRDA:559,55,1,0
BRDA:562,56,0,0
BRDA:565,57,0,0
BRDA:565,58,0,0
BRDA:565,58,1,0
BRDA:568,59,0,0
BRDA:568,60,0,0
BRDA:568,60,1,0
BRDA:594,61,0,1
BRDA:594,62,0,35
BRDA:594,62,1,35
BRDA:597,63,0,1
BRDA:597,64,0,34
BRDA:597,64,1,28
BRDA:603,65,0,30
BRDA:603,65,1,3
BRDA:605,66,0,2
BRDA:629,67,0,1
BRDA:629,68,0,10
BRDA:629,68,1,7
BRDA:635,69,0,7
BRDA:635,69,1,2
BRDA:635,70,0,9
BRDA:635,70,1,9
BRDA:637,71,0,1
BRDA:637,72,0,2
BRDA:637,72,1,2
BRDA:644,73,0,9
BRDA:644,73,1,3
BRDA:660,74,0,0
BRDA:660,75,0,0
BRDA:660,75,1,0
BRDA:663,76,0,0
BRDA:663,77,0,0
BRDA:663,77,1,0
BRDA:669,78,0,0
BRDA:669,78,1,0
BRDA:671,79,0,0
BRDA:700,80,0,1
BRDA:700,81,0,3
BRDA:700,81,1,2
BRDA:703,82,0,0
BRDA:703,83,0,2
BRDA:703,83,1,2
BRDA:706,84,0,0
BRDA:706,85,0,2
BRDA:706,85,1,2
BRDA:734,86,0,1
BRDA:740,87,0,1
BRDA:740,88,0,15
BRDA:740,88,1,1
BRDA:763,89,0,0
BRDA:763,89,1,0
BRDA:763,89,2,0
BRDA:763,89,3,0
BRDA:802,90,0,0
BRDA:802,90,1,0
BRDA:829,91,0,18
BRDA:829,91,1,0
BRDA:829,91,2,0
BRDA:829,91,3,0
BRDA:829,91,4,0
BRDA:835,92,0,0
BRDA:853,93,0,1
BRDA:853,93,1,17
BRDA:867,94,0,0
BRDA:885,95,0,0
BRDA:885,95,1,0
BRDA:913,96,0,0
BRDA:931,97,0,0
BRDA:931,97,1,0
BRDA:946,98,0,4
BRDA:946,99,0,18
BRDA:946,99,1,4
BRDA:954,100,0,0
BRDA:954,100,1,18
BRDA:961,101,0,0
BRDA:961,101,1,0
BRDA:968,102,0,0
BRDA:974,103,0,0
BRDA:974,103,1,18
BRDA:987,104,0,0
BRDA:987,104,1,0
BRDA:990,105,0,0
BRDA:994,106,0,0
BRDA:1003,107,0,18
BRDA:1003,107,1,5
BRDA:1006,108,0,0
BRDA:1010,109,0,0
BRDA:1033,110,0,0
BRDA:1040,111,0,0
BRDA:1040,111,1,0
BRDA:1063,112,0,0
BRDA:1067,113,0,0
BRDA:1072,114,0,0
BRDA:1083,115,0,0
BRDA:1083,115,1,0
BRDA:1098,116,0,14
BRDA:1098,116,1,8
BRDA:1099,117,0,14
BRDA:1099,117,1,0
BRDA:1100,118,0,14
BRDA:1100,118,1,0
BRDA:1106,119,0,4
BRDA:1114,120,0,10
BRDA:1122,121,0,0
BRDA:1144,122,0,0
BRF:183
BRH:84
end_of_record
TN:
SF:src/transaction-builder/types/index.ts
FN:4,(anonymous_4)
FNF:1
FNH:1
FNDA:18,(anonymous_4)
DA:4,19
DA:5,1
LF:2
LH:2
BRF:0
BRH:0
end_of_record
TN:
SF:src/transaction-builder/types/type-guards.ts
FN:6,isDerivationParams
FNF:1
FNH:1
FNDA:18,isDerivationParams
DA:6,1
DA:9,18
LF:2
LH:2
BRDA:9,0,0,18
BRDA:9,0,1,1
BRDA:9,0,2,1
BRF:3
BRH:3
end_of_record
TN:
SF:src/utils/constants.ts
FNF:0
FNH:0
DA:1,3
DA:2,3
LF:2
LH:2
BRF:0
BRH:0
end_of_record
TN:
SF:src/utils/createPreimage.ts
FN:7,calculatePreimage
FN:44,(anonymous_1)
FNF:2
FNH:2
FNDA:5,calculatePreimage
FNDA:7,(anonymous_1)
DA:1,3
DA:7,3
DA:16,5
DA:17,0
DA:19,5
DA:20,0
DA:22,5
DA:23,0
DA:25,5
DA:26,0
DA:30,5
DA:31,5
DA:32,5
DA:33,5
DA:34,1
DA:36,1
DA:37,0
DA:40,5
DA:42,5
DA:44,7
DA:46,5
DA:47,5
DA:48,0
DA:51,5
DA:52,5
DA:53,0
DA:56,5
DA:57,5
DA:58,0
DA:61,5
LF:30
LH:22
BRDA:16,0,0,0
BRDA:19,1,0,0
BRDA:19,2,0,5
BRDA:19,2,1,5
BRDA:22,3,0,0
BRDA:22,4,0,5
BRDA:22,4,1,5
BRDA:25,5,0,0
BRDA:31,6,0,4
BRDA:32,7,0,0
BRDA:33,8,0,1
BRDA:36,9,0,0
BRDA:36,10,0,1
BRDA:36,10,1,1
BRDA:37,11,0,0
BRDA:37,11,1,0
BRDA:40,12,0,0
BRDA:44,13,0,0
BRDA:44,13,1,5
BRDA:46,14,0,5
BRDA:46,14,1,5
BRDA:47,15,0,0
BRDA:51,16,0,5
BRDA:51,16,1,5
BRDA:52,17,0,0
BRDA:56,18,0,5
BRDA:56,18,1,5
BRDA:57,19,0,0
BRDA:70,20,0,5
BRDA:70,20,1,0
BRF:30
BRH:16
end_of_record
TN:
SF:src/utils/derivation.ts
FN:4,getDerivation
FNF:1
FNH:0
FNDA:0,getDerivation
DA:1,1
DA:2,1
DA:4,1
DA:5,0
DA:6,0
DA:7,0
LF:6
LH:3
BRF:0
BRH:0
end_of_record
TN:
SF:src/utils/index.ts
FN:1,(anonymous_0)
FN:2,(anonymous_1)
FN:3,(anonymous_2)
FN:4,(anonymous_3)
FN:7,(anonymous_4)
FN:8,(anonymous_5)
FN:9,(anonymous_6)
FN:10,(anonymous_7)
FN:12,(anonymous_8)
FN:13,(anonymous_9)
FN:14,(anonymous_10)
FN:15,(anonymous_11)
FNF:12
FNH:0
FNDA:0,(anonymous_0)
FNDA:0,(anonymous_1)
FNDA:0,(anonymous_2)
FNDA:0,(anonymous_3)
FNDA:0,(anonymous_4)
FNDA:0,(anonymous_5)
FNDA:0,(anonymous_6)
FNDA:0,(anonymous_7)
FNDA:0,(anonymous_8)
FNDA:0,(anonymous_9)
FNDA:0,(anonymous_10)
FNDA:0,(anonymous_11)
DA:1,1
DA:2,1
DA:3,1
DA:4,1
DA:5,1
DA:7,1
DA:8,1
DA:9,1
DA:10,1
DA:12,1
DA:13,1
DA:14,1
DA:15,1
LF:13
LH:13
BRF:0
BRH:0
end_of_record
TN:
SF:src/utils/mockWallet.ts
FN:23,makeWallet
FN:69,createTestPrivateKey
FN:77,createTestPrivateKeyFromSeed
FNF:3
FNH:1
FNDA:58,makeWallet
FNDA:0,createTestPrivateKey
FNDA:0,createTestPrivateKeyFromSeed
DA:6,3
DA:12,3
DA:23,3
DA:29,58
DA:30,0
DA:32,58
DA:33,0
DA:35,58
DA:36,0
DA:38,58
DA:39,0
DA:42,58
DA:44,58
DA:45,58
DA:46,58
DA:47,58
DA:48,58
DA:49,58
DA:52,58
DA:53,58
DA:56,58
DA:59,0
DA:60,0
DA:62,0
DA:69,3
DA:70,0
DA:77,3
DA:78,0
LF:28
LH:19
BRDA:29,0,0,0
BRDA:32,1,0,0
BRDA:32,2,0,58
BRDA:32,2,1,0
BRDA:35,3,0,0
BRDA:38,4,0,0
BRDA:59,5,0,0
BRF:7
BRH:1
end_of_record
TN:
SF:src/utils/opreturn.ts
FN:9,(anonymous_0)
FN:21,(anonymous_1)
FN:51,(anonymous_2)
FNF:3
FNH:3
FNDA:38,(anonymous_0)
FNDA:43,(anonymous_1)
FNDA:42,(anonymous_2)
DA:1,3
DA:9,3
DA:10,38
DA:11,37
DA:12,19
DA:21,3
DA:22,43
DA:24,5
DA:28,38
DA:30,6
DA:34,32
DA:51,3
DA:56,42
DA:57,3
DA:61,39
DA:62,39
DA:63,1
DA:67,38
DA:68,3
DA:71,35
DA:72,1
DA:76,34
DA:77,50
DA:78,50
DA:80,50
DA:81,11
DA:82,4
DA:88,7
DA:89,7
DA:90,70
DA:91,70
DA:92,2
DA:101,28
DA:104,28
DA:105,28
DA:106,28
DA:108,28
LF:37
LH:37
BRDA:10,0,0,1
BRDA:11,1,0,18
BRDA:22,2,0,5
BRDA:28,3,0,6
BRDA:56,4,0,3
BRDA:56,5,0,42
BRDA:56,5,1,41
BRDA:62,6,0,1
BRDA:67,7,0,3
BRDA:71,8,0,1
BRDA:80,9,0,11
BRDA:81,10,0,4
BRDA:91,11,0,2
BRF:13
BRH:13
end_of_record
TN:
SF:src/utils/scriptValidation.ts
FN:31,validateInput
FN:74,scriptToHex
FN:109,isP2PKH
FN:182,isOrdinal
FN:241,hasOrd
FN:288,hasOpReturnData
FN:323,(anonymous_6)
FN:370,getScriptType
FN:447,extractInscriptionData
FN:482,(anonymous_9)
FN:569,extractMapMetadata
FN:581,(anonymous_11)
FN:693,extractOpReturnData
FN:704,(anonymous_13)
FNF:14
FNH:14
FNDA:126,validateInput
FNDA:30,scriptToHex
FNDA:25,isP2PKH
FNDA:19,isOrdinal
FNDA:37,hasOrd
FNDA:26,hasOpReturnData
FNDA:19,(anonymous_6)
FNDA:5,getScriptType
FNDA:6,extractInscriptionData
FNDA:31,(anonymous_9)
FNDA:4,extractMapMetadata
FNDA:12,(anonymous_11)
FNDA:4,extractOpReturnData
FNDA:12,(anonymous_13)
DA:1,2
DA:2,2
DA:7,2
DA:32,126
DA:33,10
DA:36,116
DA:39,116
DA:40,4
DA:44,112
DA:45,4
DA:49,108
DA:50,58
DA:51,58
DA:52,2
DA:57,106
DA:58,50
DA:59,50
DA:60,1
DA:62,49
DA:63,1
DA:75,30
DA:109,2
DA:110,25
DA:112,17
DA:113,17
DA:114,17
DA:117,17
DA:119,17
DA:120,13
DA:124,4
DA:125,0
DA:129,4
DA:130,4
DA:131,0
DA:135,4
DA:136,0
DA:139,4
DA:141,0
DA:182,2
DA:183,19
DA:185,16
DA:186,16
DA:189,16
DA:190,10
DA:195,6
DA:196,6
DA:198,6
DA:200,0
DA:241,2
DA:242,37
DA:244,34
DA:245,34
DA:246,34
DA:250,34
DA:252,0
DA:288,2
DA:289,26
DA:291,22
DA:292,22
DA:297,8
DA:298,8
DA:299,8
DA:300,8
DA:301,0
DA:310,8
DA:311,1
DA:317,7
DA:323,19
DA:326,14
DA:329,0
DA:370,2
DA:371,5
DA:373,4
DA:377,4
DA:378,1
DA:382,3
DA:383,1
DA:388,2
DA:391,1
DA:394,1
DA:395,1
DA:400,1
DA:402,0
DA:447,2
DA:448,6
DA:451,5
DA:452,5
DA:455,5
DA:456,1
DA:482,31
DA:483,4
DA:484,1
DA:490,3
DA:492,1
DA:493,1
DA:494,0
DA:497,1
DA:498,1
DA:500,0
DA:501,0
DA:505,1
DA:506,1
DA:507,0
DA:509,1
DA:510,2
DA:512,1
DA:513,1
DA:514,0
DA:516,1
DA:517,1
DA:519,1
DA:522,2
DA:569,2
DA:570,4
DA:573,3
DA:574,1
DA:577,2
DA:578,2
DA:581,12
DA:582,2
DA:583,0
DA:587,2
DA:588,2
DA:589,0
DA:593,2
DA:594,2
DA:596,0
DA:597,0
DA:600,2
DA:601,1
DA:605,1
DA:606,1
DA:607,0
DA:611,1
DA:612,1
DA:614,0
DA:615,0
DA:618,1
DA:619,0
DA:623,1
DA:624,1
DA:626,1
DA:627,2
DA:628,2
DA:630,2
DA:631,0
DA:634,2
DA:635,2
DA:636,2
DA:637,2
DA:639,0
DA:640,0
DA:643,2
DA:647,1
DA:648,0
DA:651,1
DA:693,2
DA:694,4
DA:696,3
DA:697,1
DA:700,2
DA:701,2
DA:704,12
DA:705,2
DA:706,0
DA:710,2
DA:711,2
DA:712,3
DA:713,3
DA:715,3
DA:719,2
LF:171
LH:144
BRDA:32,0,0,10
BRDA:32,1,0,126
BRDA:32,1,1,118
BRDA:39,2,0,4
BRDA:44,3,0,4
BRDA:44,4,0,112
BRDA:44,4,1,62
BRDA:49,5,0,58
BRDA:51,6,0,2
BRDA:51,7,0,58
BRDA:51,7,1,56
BRDA:57,8,0,50
BRDA:59,9,0,1
BRDA:59,10,0,50
BRDA:59,10,1,40
BRDA:62,11,0,1
BRDA:113,12,0,8
BRDA:113,12,1,9
BRDA:119,13,0,13
BRDA:124,14,0,0
BRDA:130,15,0,0
BRDA:135,16,0,0
BRDA:186,17,0,8
BRDA:186,17,1,8
BRDA:189,18,0,10
BRDA:245,19,0,22
BRDA:245,19,1,12
BRDA:292,20,0,8
BRDA:292,20,1,14
BRDA:300,21,0,0
BRDA:310,22,0,1
BRDA:377,23,0,1
BRDA:377,24,0,2
BRDA:377,24,1,2
BRDA:382,25,0,1
BRDA:382,26,0,1
BRDA:382,26,1,2
BRDA:388,27,0,1
BRDA:388,28,0,1
BRDA:388,28,1,1
BRDA:391,29,0,0
BRDA:391,29,1,1
BRDA:394,30,0,1
BRDA:451,31,0,0
BRDA:451,31,1,5
BRDA:455,32,0,1
BRDA:455,33,0,0
BRDA:455,33,1,5
BRDA:483,34,0,1
BRDA:490,35,0,1
BRDA:490,35,1,2
BRDA:493,36,0,0
BRDA:493,37,0,1
BRDA:493,37,1,1
BRDA:493,37,2,1
BRDA:500,38,0,0
BRDA:500,38,1,0
BRDA:506,39,0,0
BRDA:506,40,0,1
BRDA:506,40,1,1
BRDA:506,40,2,1
BRDA:510,41,0,1
BRDA:510,41,1,1
BRDA:513,42,0,0
BRDA:513,43,0,1
BRDA:513,43,1,1
BRDA:513,43,2,1
BRDA:573,44,0,1
BRDA:573,45,0,0
BRDA:573,45,1,3
BRDA:577,46,0,0
BRDA:577,46,1,2
BRDA:582,47,0,0
BRDA:588,48,0,0
BRDA:588,49,0,2
BRDA:588,49,1,2
BRDA:588,49,2,2
BRDA:596,50,0,0
BRDA:596,50,1,0
BRDA:600,51,0,1
BRDA:606,52,0,0
BRDA:606,53,0,1
BRDA:606,53,1,1
BRDA:606,53,2,1
BRDA:614,54,0,0
BRDA:614,54,1,0
BRDA:618,55,0,0
BRDA:630,56,0,0
BRDA:630,57,0,2
BRDA:630,57,1,2
BRDA:639,58,0,0
BRDA:639,58,1,0
BRDA:647,59,0,0
BRDA:647,60,0,1
BRDA:647,60,1,1
BRDA:696,61,0,1
BRDA:696,62,0,0
BRDA:696,62,1,3
BRDA:700,63,0,0
BRDA:700,63,1,2
BRDA:705,64,0,0
BRDA:713,65,0,3
BRDA:713,66,0,3
BRDA:713,66,1,3
BRDA:719,67,0,2
BRDA:719,67,1,0
BRF:106
BRH:76
end_of_record
